C:\USERS\NGUYEN KEN\DESKTOP\FPS-TRAINING-GAME\BRANCHES\KEN\CURRENT\DEBUG\OPENGLCSE386.LIB
C:\USERS\NGUYEN KEN\DESKTOP\FPS-TRAINING-GAME\BRANCHES\KEN\CURRENT\OPENGLCSE386\DEBUG\ALDLIST.OBJ
C:\USERS\NGUYEN KEN\DESKTOP\FPS-TRAINING-GAME\BRANCHES\KEN\CURRENT\OPENGLCSE386\DEBUG\BITMAP_CLASS.OBJ
C:\USERS\NGUYEN KEN\DESKTOP\FPS-TRAINING-GAME\BRANCHES\KEN\CURRENT\OPENGLCSE386\DEBUG\BULLETCONTROLLER.OBJ
C:\USERS\NGUYEN KEN\DESKTOP\FPS-TRAINING-GAME\BRANCHES\KEN\CURRENT\OPENGLCSE386\DEBUG\CAMERA.OBJ
C:\Users\Nguyen Ken\Desktop\fps-training-game\branches\Ken\current\OpenGLCSE386\Debug\cl.command.1.tlog
C:\Users\Nguyen Ken\Desktop\fps-training-game\branches\Ken\current\OpenGLCSE386\Debug\CL.read.1.tlog
C:\Users\Nguyen Ken\Desktop\fps-training-game\branches\Ken\current\OpenGLCSE386\Debug\CL.write.1.tlog
C:\USERS\NGUYEN KEN\DESKTOP\FPS-TRAINING-GAME\BRANCHES\KEN\CURRENT\OPENGLCSE386\DEBUG\COLOREDFIGUREONE.OBJ
C:\USERS\NGUYEN KEN\DESKTOP\FPS-TRAINING-GAME\BRANCHES\KEN\CURRENT\OPENGLCSE386\DEBUG\COLOREDPYRAMID.OBJ
C:\USERS\NGUYEN KEN\DESKTOP\FPS-TRAINING-GAME\BRANCHES\KEN\CURRENT\OPENGLCSE386\DEBUG\CONE.OBJ
C:\USERS\NGUYEN KEN\DESKTOP\FPS-TRAINING-GAME\BRANCHES\KEN\CURRENT\OPENGLCSE386\DEBUG\CONTROLLER.OBJ
C:\USERS\NGUYEN KEN\DESKTOP\FPS-TRAINING-GAME\BRANCHES\KEN\CURRENT\OPENGLCSE386\DEBUG\CSE386LABONE.OBJ
C:\USERS\NGUYEN KEN\DESKTOP\FPS-TRAINING-GAME\BRANCHES\KEN\CURRENT\OPENGLCSE386\DEBUG\CUBE.OBJ
C:\USERS\NGUYEN KEN\DESKTOP\FPS-TRAINING-GAME\BRANCHES\KEN\CURRENT\OPENGLCSE386\DEBUG\CWAVES.OBJ
C:\USERS\NGUYEN KEN\DESKTOP\FPS-TRAINING-GAME\BRANCHES\KEN\CURRENT\OPENGLCSE386\DEBUG\CYLINDER.OBJ
C:\USERS\NGUYEN KEN\DESKTOP\FPS-TRAINING-GAME\BRANCHES\KEN\CURRENT\OPENGLCSE386\DEBUG\FIGUREONE.OBJ
C:\USERS\NGUYEN KEN\DESKTOP\FPS-TRAINING-GAME\BRANCHES\KEN\CURRENT\OPENGLCSE386\DEBUG\FLOOR.OBJ
C:\USERS\NGUYEN KEN\DESKTOP\FPS-TRAINING-GAME\BRANCHES\KEN\CURRENT\OPENGLCSE386\DEBUG\FLOOR2.OBJ
C:\USERS\NGUYEN KEN\DESKTOP\FPS-TRAINING-GAME\BRANCHES\KEN\CURRENT\OPENGLCSE386\DEBUG\FOLLOWCAMERA.OBJ
C:\USERS\NGUYEN KEN\DESKTOP\FPS-TRAINING-GAME\BRANCHES\KEN\CURRENT\OPENGLCSE386\DEBUG\FPS_CAMERA.OBJ
C:\USERS\NGUYEN KEN\DESKTOP\FPS-TRAINING-GAME\BRANCHES\KEN\CURRENT\OPENGLCSE386\DEBUG\FRAMEWORK.OBJ
C:\USERS\NGUYEN KEN\DESKTOP\FPS-TRAINING-GAME\BRANCHES\KEN\CURRENT\OPENGLCSE386\DEBUG\GENERALLIGHTINGTECHNIQUE.OBJ
C:\USERS\NGUYEN KEN\DESKTOP\FPS-TRAINING-GAME\BRANCHES\KEN\CURRENT\OPENGLCSE386\DEBUG\GLUTBASE.OBJ
C:\USERS\NGUYEN KEN\DESKTOP\FPS-TRAINING-GAME\BRANCHES\KEN\CURRENT\OPENGLCSE386\DEBUG\LADDER.OBJ
C:\Users\Nguyen Ken\Desktop\fps-training-game\branches\Ken\current\OpenGLCSE386\Debug\lib.command.1.tlog
C:\Users\Nguyen Ken\Desktop\fps-training-game\branches\Ken\current\OpenGLCSE386\Debug\Lib-link.read.1.tlog
C:\Users\Nguyen Ken\Desktop\fps-training-game\branches\Ken\current\OpenGLCSE386\Debug\Lib-link.write.1.tlog
C:\USERS\NGUYEN KEN\DESKTOP\FPS-TRAINING-GAME\BRANCHES\KEN\CURRENT\OPENGLCSE386\DEBUG\LIGHTING.OBJ
C:\USERS\NGUYEN KEN\DESKTOP\FPS-TRAINING-GAME\BRANCHES\KEN\CURRENT\OPENGLCSE386\DEBUG\LISTENERCAMERA.OBJ
C:\USERS\NGUYEN KEN\DESKTOP\FPS-TRAINING-GAME\BRANCHES\KEN\CURRENT\OPENGLCSE386\DEBUG\LOADEDMODELVISUALOBJECT.OBJ
C:\USERS\NGUYEN KEN\DESKTOP\FPS-TRAINING-GAME\BRANCHES\KEN\CURRENT\OPENGLCSE386\DEBUG\LOADOAL.OBJ
C:\USERS\NGUYEN KEN\DESKTOP\FPS-TRAINING-GAME\BRANCHES\KEN\CURRENT\OPENGLCSE386\DEBUG\LOADSHADERS.OBJ
C:\USERS\NGUYEN KEN\DESKTOP\FPS-TRAINING-GAME\BRANCHES\KEN\CURRENT\OPENGLCSE386\DEBUG\MODEL.OBJ
C:\USERS\NGUYEN KEN\DESKTOP\FPS-TRAINING-GAME\BRANCHES\KEN\CURRENT\OPENGLCSE386\DEBUG\MOUSECAMERA.OBJ
C:\USERS\NGUYEN KEN\DESKTOP\FPS-TRAINING-GAME\BRANCHES\KEN\CURRENT\OPENGLCSE386\DEBUG\OBJLOADER.OBJ
C:\USERS\NGUYEN KEN\DESKTOP\FPS-TRAINING-GAME\BRANCHES\KEN\CURRENT\OPENGLCSE386\DEBUG\OPENGLAPPLICATIONBASE.OBJ
C:\Users\Nguyen Ken\Desktop\fps-training-game\branches\Ken\current\OpenGLCSE386\Debug\OpenGLCSE386.vcxprojResolveAssemblyReference.cache
C:\Users\Nguyen Ken\Desktop\fps-training-game\branches\Ken\current\OpenGLCSE386\Debug\OpenGLCSE386.write.1.tlog
C:\USERS\NGUYEN KEN\DESKTOP\FPS-TRAINING-GAME\BRANCHES\KEN\CURRENT\OPENGLCSE386\DEBUG\ORBITCONTROLLER.OBJ
C:\USERS\NGUYEN KEN\DESKTOP\FPS-TRAINING-GAME\BRANCHES\KEN\CURRENT\OPENGLCSE386\DEBUG\PLAYERCONTROLLER.OBJ
C:\USERS\NGUYEN KEN\DESKTOP\FPS-TRAINING-GAME\BRANCHES\KEN\CURRENT\OPENGLCSE386\DEBUG\PYRAMID.OBJ
C:\USERS\NGUYEN KEN\DESKTOP\FPS-TRAINING-GAME\BRANCHES\KEN\CURRENT\OPENGLCSE386\DEBUG\SHAREDGENERALLIGHTING.OBJ
C:\USERS\NGUYEN KEN\DESKTOP\FPS-TRAINING-GAME\BRANCHES\KEN\CURRENT\OPENGLCSE386\DEBUG\SHAREDPROJECTIONANDVIEWING.OBJ
C:\USERS\NGUYEN KEN\DESKTOP\FPS-TRAINING-GAME\BRANCHES\KEN\CURRENT\OPENGLCSE386\DEBUG\SOUNDSOURCE.OBJ
C:\USERS\NGUYEN KEN\DESKTOP\FPS-TRAINING-GAME\BRANCHES\KEN\CURRENT\OPENGLCSE386\DEBUG\SPACESHIP.OBJ
C:\USERS\NGUYEN KEN\DESKTOP\FPS-TRAINING-GAME\BRANCHES\KEN\CURRENT\OPENGLCSE386\DEBUG\SPHERE.OBJ
C:\USERS\NGUYEN KEN\DESKTOP\FPS-TRAINING-GAME\BRANCHES\KEN\CURRENT\OPENGLCSE386\DEBUG\SPINNER.OBJ
C:\USERS\NGUYEN KEN\DESKTOP\FPS-TRAINING-GAME\BRANCHES\KEN\CURRENT\OPENGLCSE386\DEBUG\TARGET.OBJ
C:\USERS\NGUYEN KEN\DESKTOP\FPS-TRAINING-GAME\BRANCHES\KEN\CURRENT\OPENGLCSE386\DEBUG\TARGETCONTROLLER.OBJ
C:\USERS\NGUYEN KEN\DESKTOP\FPS-TRAINING-GAME\BRANCHES\KEN\CURRENT\OPENGLCSE386\DEBUG\TEXTURECOORDINATES.OBJ
C:\USERS\NGUYEN KEN\DESKTOP\FPS-TRAINING-GAME\BRANCHES\KEN\CURRENT\OPENGLCSE386\DEBUG\TORUS.OBJ
C:\USERS\NGUYEN KEN\DESKTOP\FPS-TRAINING-GAME\BRANCHES\KEN\CURRENT\OPENGLCSE386\DEBUG\TWOTRIANGLEFIGURE.OBJ
C:\Users\Nguyen Ken\Desktop\fps-training-game\branches\Ken\current\OpenGLCSE386\Debug\vc100.idb
C:\USERS\NGUYEN KEN\DESKTOP\FPS-TRAINING-GAME\BRANCHES\KEN\CURRENT\OPENGLCSE386\DEBUG\VC100.PDB
C:\USERS\NGUYEN KEN\DESKTOP\FPS-TRAINING-GAME\BRANCHES\KEN\CURRENT\OPENGLCSE386\DEBUG\VISUALOBJECT.OBJ
C:\USERS\NGUYEN KEN\DESKTOP\FPS-TRAINING-GAME\BRANCHES\KEN\CURRENT\OPENGLCSE386\DEBUG\WALL.OBJ
C:\USERS\NGUYEN KEN\DESKTOP\FPS-TRAINING-GAME\BRANCHES\KEN\CURRENT\OPENGLCSE386\DEBUG\WAYPOINTCONTROLLER.OBJ
C:\USERS\NGUYEN KEN\DESKTOP\FPS-TRAINING-GAME\BRANCHES\KEN\CURRENT\OPENGLCSE386\DEBUG\WAYPOINTCONTROLLER2.OBJ
