The system is: Darwin - 14.0.0 - x86_64
Compiling the C compiler identification source file "CMakeCCompilerId.c" succeeded.
Compiler:  
Build flags: 
Id flags: 

The output was:
0
=== BUILD TARGET CompilerIdC OF PROJECT CompilerIdC WITH THE DEFAULT CONFIGURATION (Debug) ===

Check dependencies

Write auxiliary files
/bin/mkdir -p /Users/yanyu/Documents/Github/OpenGL/Exercise\ Files/xcode/CMakeFiles/3.1.0/CompilerIdC/CompilerIdC.build/Debug/CompilerIdC.build
write-file /Users/yanyu/Documents/Github/OpenGL/Exercise\ Files/xcode/CMakeFiles/3.1.0/CompilerIdC/CompilerIdC.build/Debug/CompilerIdC.build/CompilerIdC-all-non-framework-target-headers.hmap
write-file /Users/yanyu/Documents/Github/OpenGL/Exercise\ Files/xcode/CMakeFiles/3.1.0/CompilerIdC/CompilerIdC.build/Debug/CompilerIdC.build/CompilerIdC-generated-files.hmap
/bin/mkdir -p /Users/yanyu/Documents/Github/OpenGL/Exercise\ Files/xcode/CMakeFiles/3.1.0/CompilerIdC/CompilerIdC.build/Debug/CompilerIdC.build/Objects-normal/i386
write-file /Users/yanyu/Documents/Github/OpenGL/Exercise\ Files/xcode/CMakeFiles/3.1.0/CompilerIdC/CompilerIdC.build/Debug/CompilerIdC.build/Objects-normal/i386/CompilerIdC.LinkFileList
write-file /Users/yanyu/Documents/Github/OpenGL/Exercise\ Files/xcode/CMakeFiles/3.1.0/CompilerIdC/CompilerIdC.build/Debug/CompilerIdC.build/CompilerIdC-project-headers.hmap
write-file /Users/yanyu/Documents/Github/OpenGL/Exercise\ Files/xcode/CMakeFiles/3.1.0/CompilerIdC/CompilerIdC.build/Debug/CompilerIdC.build/CompilerIdC.hmap
write-file /Users/yanyu/Documents/Github/OpenGL/Exercise\ Files/xcode/CMakeFiles/3.1.0/CompilerIdC/CompilerIdC.build/Debug/CompilerIdC.build/Script-2C8FEB8E15DC1A1A00E56A5D.sh
chmod 0755 /Users/yanyu/Documents/Github/OpenGL/Exercise\ Files/xcode/CMakeFiles/3.1.0/CompilerIdC/CompilerIdC.build/Debug/CompilerIdC.build/Script-2C8FEB8E15DC1A1A00E56A5D.sh
write-file /Users/yanyu/Documents/Github/OpenGL/Exercise\ Files/xcode/CMakeFiles/3.1.0/CompilerIdC/CompilerIdC.build/Debug/CompilerIdC.build/CompilerIdC-all-target-headers.hmap
write-file /Users/yanyu/Documents/Github/OpenGL/Exercise\ Files/xcode/CMakeFiles/3.1.0/CompilerIdC/CompilerIdC.build/Debug/CompilerIdC.build/CompilerIdC-own-target-headers.hmap

CompileC CompilerIdC.build/Debug/CompilerIdC.build/Objects-normal/i386/CMakeCCompilerId.o CMakeCCompilerId.c normal i386 c com.apple.compilers.llvm.clang.1_0.compiler
    cd "/Users/yanyu/Documents/Github/OpenGL/Exercise Files/xcode/CMakeFiles/3.1.0/CompilerIdC"
    export LANG=en_US.US-ASCII
    /Applications/Xcode.app/Contents/Developer/Toolchains/XcodeDefault.xctoolchain/usr/bin/clang -x c -arch i386 -fmessage-length=0 -fdiagnostics-show-note-include-stack -fmacro-backtrace-limit=0 -Wno-trigraphs -fpascal-strings -Os -Wno-missing-field-initializers -Wno-missing-prototypes -Wno-return-type -Wno-missing-braces -Wparentheses -Wswitch -Wno-unused-function -Wno-unused-label -Wno-unused-parameter -Wno-unused-variable -Wunused-value -Wno-empty-body -Wno-uninitialized -Wno-unknown-pragmas -Wno-shadow -Wno-four-char-constants -Wno-conversion -Wno-constant-conversion -Wno-int-conversion -Wno-bool-conversion -Wno-enum-conversion -Wno-shorten-64-to-32 -Wpointer-sign -Wno-newline-eof -isysroot /Applications/Xcode.app/Contents/Developer/Platforms/MacOSX.platform/Developer/SDKs/MacOSX10.10.sdk -fasm-blocks -fstrict-aliasing -Wdeprecated-declarations -mmacosx-version-min=10.10 -g -fvisibility=hidden -Wno-sign-conversion -I/Users/yanyu/Documents/Github/OpenGL/Exercise\ Files/xcode/CMakeFiles/3.1.0/CompilerIdC/CompilerIdC.build/Debug/CompilerIdC.build/CompilerIdC.hmap -I/Users/yanyu/Documents/Github/OpenGL/Exercise\ Files/xcode/CMakeFiles/3.1.0/CompilerIdC/include -I/Applications/Xcode.app/Contents/Developer/Toolchains/XcodeDefault.xctoolchain/usr/include -I/Users/yanyu/Documents/Github/OpenGL/Exercise\ Files/xcode/CMakeFiles/3.1.0/CompilerIdC/CompilerIdC.build/Debug/CompilerIdC.build/DerivedSources/i386 -I/Users/yanyu/Documents/Github/OpenGL/Exercise\ Files/xcode/CMakeFiles/3.1.0/CompilerIdC/CompilerIdC.build/Debug/CompilerIdC.build/DerivedSources -F/Users/yanyu/Documents/Github/OpenGL/Exercise\ Files/xcode/CMakeFiles/3.1.0/CompilerIdC -MMD -MT dependencies -MF /Users/yanyu/Documents/Github/OpenGL/Exercise\ Files/xcode/CMakeFiles/3.1.0/CompilerIdC/CompilerIdC.build/Debug/CompilerIdC.build/Objects-normal/i386/CMakeCCompilerId.d --serialize-diagnostics /Users/yanyu/Documents/Github/OpenGL/Exercise\ Files/xcode/CMakeFiles/3.1.0/CompilerIdC/CompilerIdC.build/Debug/CompilerIdC.build/Objects-normal/i386/CMakeCCompilerId.dia -c /Users/yanyu/Documents/Github/OpenGL/Exercise\ Files/xcode/CMakeFiles/3.1.0/CompilerIdC/CMakeCCompilerId.c -o /Users/yanyu/Documents/Github/OpenGL/Exercise\ Files/xcode/CMakeFiles/3.1.0/CompilerIdC/CompilerIdC.build/Debug/CompilerIdC.build/Objects-normal/i386/CMakeCCompilerId.o

Ld CompilerIdC normal i386
    cd "/Users/yanyu/Documents/Github/OpenGL/Exercise Files/xcode/CMakeFiles/3.1.0/CompilerIdC"
    export MACOSX_DEPLOYMENT_TARGET=10.10
    /Applications/Xcode.app/Contents/Developer/Toolchains/XcodeDefault.xctoolchain/usr/bin/clang -arch i386 -isysroot /Applications/Xcode.app/Contents/Developer/Platforms/MacOSX.platform/Developer/SDKs/MacOSX10.10.sdk -L/Users/yanyu/Documents/Github/OpenGL/Exercise\ Files/xcode/CMakeFiles/3.1.0/CompilerIdC -F/Users/yanyu/Documents/Github/OpenGL/Exercise\ Files/xcode/CMakeFiles/3.1.0/CompilerIdC -filelist /Users/yanyu/Documents/Github/OpenGL/Exercise\ Files/xcode/CMakeFiles/3.1.0/CompilerIdC/CompilerIdC.build/Debug/CompilerIdC.build/Objects-normal/i386/CompilerIdC.LinkFileList -mmacosx-version-min=10.10 -Xlinker -dependency_info -Xlinker /Users/yanyu/Documents/Github/OpenGL/Exercise\ Files/xcode/CMakeFiles/3.1.0/CompilerIdC/CompilerIdC.build/Debug/CompilerIdC.build/Objects-normal/i386/CompilerIdC_dependency_info.dat -o /Users/yanyu/Documents/Github/OpenGL/Exercise\ Files/xcode/CMakeFiles/3.1.0/CompilerIdC/CompilerIdC

PhaseScriptExecution Run\ Script CompilerIdC.build/Debug/CompilerIdC.build/Script-2C8FEB8E15DC1A1A00E56A5D.sh
    cd "/Users/yanyu/Documents/Github/OpenGL/Exercise Files/xcode/CMakeFiles/3.1.0/CompilerIdC"
    /bin/sh -c \"/Users/yanyu/Documents/Github/OpenGL/Exercise\ Files/xcode/CMakeFiles/3.1.0/CompilerIdC/CompilerIdC.build/Debug/CompilerIdC.build/Script-2C8FEB8E15DC1A1A00E56A5D.sh\"
GCC_VERSION=com.apple.compilers.llvm.clang.1_0

** BUILD SUCCEEDED **



Compilation of the C compiler identification source "CMakeCCompilerId.c" produced "CompilerIdC"

The C compiler identification is AppleClang, found in "/Users/yanyu/Documents/Github/OpenGL/Exercise Files/xcode/CMakeFiles/3.1.0/CompilerIdC/CompilerIdC"

Compiling the CXX compiler identification source file "CMakeCXXCompilerId.cpp" succeeded.
Compiler:  
Build flags: 
Id flags: 

The output was:
0
=== BUILD TARGET CompilerIdCXX OF PROJECT CompilerIdCXX WITH THE DEFAULT CONFIGURATION (Debug) ===

Check dependencies

Write auxiliary files
/bin/mkdir -p /Users/yanyu/Documents/Github/OpenGL/Exercise\ Files/xcode/CMakeFiles/3.1.0/CompilerIdCXX/CompilerIdCXX.build/Debug/CompilerIdCXX.build/Objects-normal/i386
write-file /Users/yanyu/Documents/Github/OpenGL/Exercise\ Files/xcode/CMakeFiles/3.1.0/CompilerIdCXX/CompilerIdCXX.build/Debug/CompilerIdCXX.build/Objects-normal/i386/CompilerIdCXX.LinkFileList
write-file /Users/yanyu/Documents/Github/OpenGL/Exercise\ Files/xcode/CMakeFiles/3.1.0/CompilerIdCXX/CompilerIdCXX.build/Debug/CompilerIdCXX.build/CompilerIdCXX-all-target-headers.hmap
write-file /Users/yanyu/Documents/Github/OpenGL/Exercise\ Files/xcode/CMakeFiles/3.1.0/CompilerIdCXX/CompilerIdCXX.build/Debug/CompilerIdCXX.build/CompilerIdCXX-own-target-headers.hmap
write-file /Users/yanyu/Documents/Github/OpenGL/Exercise\ Files/xcode/CMakeFiles/3.1.0/CompilerIdCXX/CompilerIdCXX.build/Debug/CompilerIdCXX.build/CompilerIdCXX.hmap
write-file /Users/yanyu/Documents/Github/OpenGL/Exercise\ Files/xcode/CMakeFiles/3.1.0/CompilerIdCXX/CompilerIdCXX.build/Debug/CompilerIdCXX.build/CompilerIdCXX-project-headers.hmap
write-file /Users/yanyu/Documents/Github/OpenGL/Exercise\ Files/xcode/CMakeFiles/3.1.0/CompilerIdCXX/CompilerIdCXX.build/Debug/CompilerIdCXX.build/CompilerIdCXX-all-non-framework-target-headers.hmap
write-file /Users/yanyu/Documents/Github/OpenGL/Exercise\ Files/xcode/CMakeFiles/3.1.0/CompilerIdCXX/CompilerIdCXX.build/Debug/CompilerIdCXX.build/CompilerIdCXX-generated-files.hmap
write-file /Users/yanyu/Documents/Github/OpenGL/Exercise\ Files/xcode/CMakeFiles/3.1.0/CompilerIdCXX/CompilerIdCXX.build/Debug/CompilerIdCXX.build/Script-2C8FEB8E15DC1A1A00E56A5D.sh
chmod 0755 /Users/yanyu/Documents/Github/OpenGL/Exercise\ Files/xcode/CMakeFiles/3.1.0/CompilerIdCXX/CompilerIdCXX.build/Debug/CompilerIdCXX.build/Script-2C8FEB8E15DC1A1A00E56A5D.sh

CompileC CompilerIdCXX.build/Debug/CompilerIdCXX.build/Objects-normal/i386/CMakeCXXCompilerId.o CMakeCXXCompilerId.cpp normal i386 c++ com.apple.compilers.llvm.clang.1_0.compiler
    cd "/Users/yanyu/Documents/Github/OpenGL/Exercise Files/xcode/CMakeFiles/3.1.0/CompilerIdCXX"
    export LANG=en_US.US-ASCII
    /Applications/Xcode.app/Contents/Developer/Toolchains/XcodeDefault.xctoolchain/usr/bin/clang -x c++ -arch i386 -fmessage-length=0 -fdiagnostics-show-note-include-stack -fmacro-backtrace-limit=0 -Wno-trigraphs -fpascal-strings -Os -Wno-missing-field-initializers -Wno-missing-prototypes -Wno-return-type -Wno-non-virtual-dtor -Wno-overloaded-virtual -Wno-exit-time-destructors -Wno-missing-braces -Wparentheses -Wswitch -Wno-unused-function -Wno-unused-label -Wno-unused-parameter -Wno-unused-variable -Wunused-value -Wno-empty-body -Wno-uninitialized -Wno-unknown-pragmas -Wno-shadow -Wno-four-char-constants -Wno-conversion -Wno-constant-conversion -Wno-int-conversion -Wno-bool-conversion -Wno-enum-conversion -Wno-shorten-64-to-32 -Wno-newline-eof -Wno-c++11-extensions -isysroot /Applications/Xcode.app/Contents/Developer/Platforms/MacOSX.platform/Developer/SDKs/MacOSX10.10.sdk -fasm-blocks -fstrict-aliasing -Wdeprecated-declarations -Winvalid-offsetof -mmacosx-version-min=10.10 -g -fvisibility=hidden -fvisibility-inlines-hidden -Wno-sign-conversion -I/Users/yanyu/Documents/Github/OpenGL/Exercise\ Files/xcode/CMakeFiles/3.1.0/CompilerIdCXX/CompilerIdCXX.build/Debug/CompilerIdCXX.build/CompilerIdCXX.hmap -I/Users/yanyu/Documents/Github/OpenGL/Exercise\ Files/xcode/CMakeFiles/3.1.0/CompilerIdCXX/include -I/Applications/Xcode.app/Contents/Developer/Toolchains/XcodeDefault.xctoolchain/usr/include -I/Users/yanyu/Documents/Github/OpenGL/Exercise\ Files/xcode/CMakeFiles/3.1.0/CompilerIdCXX/CompilerIdCXX.build/Debug/CompilerIdCXX.build/DerivedSources/i386 -I/Users/yanyu/Documents/Github/OpenGL/Exercise\ Files/xcode/CMakeFiles/3.1.0/CompilerIdCXX/CompilerIdCXX.build/Debug/CompilerIdCXX.build/DerivedSources -F/Users/yanyu/Documents/Github/OpenGL/Exercise\ Files/xcode/CMakeFiles/3.1.0/CompilerIdCXX -MMD -MT dependencies -MF /Users/yanyu/Documents/Github/OpenGL/Exercise\ Files/xcode/CMakeFiles/3.1.0/CompilerIdCXX/CompilerIdCXX.build/Debug/CompilerIdCXX.build/Objects-normal/i386/CMakeCXXCompilerId.d --serialize-diagnostics /Users/yanyu/Documents/Github/OpenGL/Exercise\ Files/xcode/CMakeFiles/3.1.0/CompilerIdCXX/CompilerIdCXX.build/Debug/CompilerIdCXX.build/Objects-normal/i386/CMakeCXXCompilerId.dia -c /Users/yanyu/Documents/Github/OpenGL/Exercise\ Files/xcode/CMakeFiles/3.1.0/CompilerIdCXX/CMakeCXXCompilerId.cpp -o /Users/yanyu/Documents/Github/OpenGL/Exercise\ Files/xcode/CMakeFiles/3.1.0/CompilerIdCXX/CompilerIdCXX.build/Debug/CompilerIdCXX.build/Objects-normal/i386/CMakeCXXCompilerId.o

Ld CompilerIdCXX normal i386
    cd "/Users/yanyu/Documents/Github/OpenGL/Exercise Files/xcode/CMakeFiles/3.1.0/CompilerIdCXX"
    export MACOSX_DEPLOYMENT_TARGET=10.10
    /Applications/Xcode.app/Contents/Developer/Toolchains/XcodeDefault.xctoolchain/usr/bin/clang++ -arch i386 -isysroot /Applications/Xcode.app/Contents/Developer/Platforms/MacOSX.platform/Developer/SDKs/MacOSX10.10.sdk -L/Users/yanyu/Documents/Github/OpenGL/Exercise\ Files/xcode/CMakeFiles/3.1.0/CompilerIdCXX -F/Users/yanyu/Documents/Github/OpenGL/Exercise\ Files/xcode/CMakeFiles/3.1.0/CompilerIdCXX -filelist /Users/yanyu/Documents/Github/OpenGL/Exercise\ Files/xcode/CMakeFiles/3.1.0/CompilerIdCXX/CompilerIdCXX.build/Debug/CompilerIdCXX.build/Objects-normal/i386/CompilerIdCXX.LinkFileList -mmacosx-version-min=10.10 -Xlinker -dependency_info -Xlinker /Users/yanyu/Documents/Github/OpenGL/Exercise\ Files/xcode/CMakeFiles/3.1.0/CompilerIdCXX/CompilerIdCXX.build/Debug/CompilerIdCXX.build/Objects-normal/i386/CompilerIdCXX_dependency_info.dat -o /Users/yanyu/Documents/Github/OpenGL/Exercise\ Files/xcode/CMakeFiles/3.1.0/CompilerIdCXX/CompilerIdCXX

PhaseScriptExecution Run\ Script CompilerIdCXX.build/Debug/CompilerIdCXX.build/Script-2C8FEB8E15DC1A1A00E56A5D.sh
    cd "/Users/yanyu/Documents/Github/OpenGL/Exercise Files/xcode/CMakeFiles/3.1.0/CompilerIdCXX"
    /bin/sh -c \"/Users/yanyu/Documents/Github/OpenGL/Exercise\ Files/xcode/CMakeFiles/3.1.0/CompilerIdCXX/CompilerIdCXX.build/Debug/CompilerIdCXX.build/Script-2C8FEB8E15DC1A1A00E56A5D.sh\"
GCC_VERSION=com.apple.compilers.llvm.clang.1_0

** BUILD SUCCEEDED **



Compilation of the CXX compiler identification source "CMakeCXXCompilerId.cpp" produced "CompilerIdCXX"

The CXX compiler identification is AppleClang, found in "/Users/yanyu/Documents/Github/OpenGL/Exercise Files/xcode/CMakeFiles/3.1.0/CompilerIdCXX/CompilerIdCXX"

Determining if the C compiler works passed with the following output:
Change Dir: /Users/yanyu/Documents/Github/OpenGL/Exercise Files/xcode/CMakeFiles/CMakeTmp

Run Build Command:"/usr/local/bin/cmakexbuild" "-project" "CMAKE_TRY_COMPILE.xcodeproj" "build" "-target" "cmTryCompileExec3547999971" "-configuration" "Debug"
=== BUILD TARGET cmTryCompileExec3547999971 OF PROJECT CMAKE_TRY_COMPILE WITH CONFIGURATION Debug ===

Check dependencies

Write auxiliary files
/bin/mkdir -p /Users/yanyu/Documents/Github/OpenGL/Exercise\ Files/xcode/CMakeFiles/CMakeTmp/CMAKE_TRY_COMPILE.build/Debug/cmTryCompileExec3547999971.build/Objects-normal/x86_64
write-file /Users/yanyu/Documents/Github/OpenGL/Exercise\ Files/xcode/CMakeFiles/CMakeTmp/CMAKE_TRY_COMPILE.build/Debug/cmTryCompileExec3547999971.build/Objects-normal/x86_64/cmTryCompileExec3547999971.LinkFileList

CompileC CMAKE_TRY_COMPILE.build/Debug/cmTryCompileExec3547999971.build/Objects-normal/x86_64/testCCompiler.o testCCompiler.c normal x86_64 c com.apple.compilers.llvm.clang.1_0.compiler
    cd "/Users/yanyu/Documents/Github/OpenGL/Exercise Files/xcode/CMakeFiles/CMakeTmp"
    export LANG=en_US.US-ASCII
    /Applications/Xcode.app/Contents/Developer/Toolchains/XcodeDefault.xctoolchain/usr/bin/clang -x c -arch x86_64 -fmessage-length=0 -fdiagnostics-show-note-include-stack -fmacro-backtrace-limit=0 -Wno-trigraphs -fpascal-strings -O0 -Wno-missing-field-initializers -Wno-missing-prototypes -Wno-return-type -Wno-missing-braces -Wparentheses -Wswitch -Wno-unused-function -Wno-unused-label -Wno-unused-parameter -Wno-unused-variable -Wunused-value -Wno-empty-body -Wno-uninitialized -Wno-unknown-pragmas -Wno-shadow -Wno-four-char-constants -Wno-conversion -Wno-constant-conversion -Wno-int-conversion -Wno-bool-conversion -Wno-enum-conversion -Wno-shorten-64-to-32 -Wpointer-sign -Wno-newline-eof -DCMAKE_INTDIR=\"Debug\" -isysroot /Applications/Xcode.app/Contents/Developer/Platforms/MacOSX.platform/Developer/SDKs/MacOSX10.10.sdk -fasm-blocks -fstrict-aliasing -Wdeprecated-declarations -mmacosx-version-min=10.10 -g -Wno-sign-conversion -I/Users/yanyu/Documents/Github/OpenGL/Exercise\ Files/xcode/CMakeFiles/CMakeTmp/Debug/include -I/Applications/Xcode.app/Contents/Developer/Toolchains/XcodeDefault.xctoolchain/usr/include -I/Users/yanyu/Documents/Github/OpenGL/Exercise\ Files/xcode/CMakeFiles/CMakeTmp/CMAKE_TRY_COMPILE.build/Debug/cmTryCompileExec3547999971.build/DerivedSources/x86_64 -I/Users/yanyu/Documents/Github/OpenGL/Exercise\ Files/xcode/CMakeFiles/CMakeTmp/CMAKE_TRY_COMPILE.build/Debug/cmTryCompileExec3547999971.build/DerivedSources -Wmost -Wno-four-char-constants -Wno-unknown-pragmas -F/Users/yanyu/Documents/Github/OpenGL/Exercise\ Files/xcode/CMakeFiles/CMakeTmp/Debug -MMD -MT dependencies -MF /Users/yanyu/Documents/Github/OpenGL/Exercise\ Files/xcode/CMakeFiles/CMakeTmp/CMAKE_TRY_COMPILE.build/Debug/cmTryCompileExec3547999971.build/Objects-normal/x86_64/testCCompiler.d --serialize-diagnostics /Users/yanyu/Documents/Github/OpenGL/Exercise\ Files/xcode/CMakeFiles/CMakeTmp/CMAKE_TRY_COMPILE.build/Debug/cmTryCompileExec3547999971.build/Objects-normal/x86_64/testCCompiler.dia -c /Users/yanyu/Documents/Github/OpenGL/Exercise\ Files/xcode/CMakeFiles/CMakeTmp/testCCompiler.c -o /Users/yanyu/Documents/Github/OpenGL/Exercise\ Files/xcode/CMakeFiles/CMakeTmp/CMAKE_TRY_COMPILE.build/Debug/cmTryCompileExec3547999971.build/Objects-normal/x86_64/testCCompiler.o

Ld Debug/cmTryCompileExec3547999971 normal x86_64
    cd "/Users/yanyu/Documents/Github/OpenGL/Exercise Files/xcode/CMakeFiles/CMakeTmp"
    export MACOSX_DEPLOYMENT_TARGET=10.10
    /Applications/Xcode.app/Contents/Developer/Toolchains/XcodeDefault.xctoolchain/usr/bin/clang -arch x86_64 -isysroot /Applications/Xcode.app/Contents/Developer/Platforms/MacOSX.platform/Developer/SDKs/MacOSX10.10.sdk -L/Users/yanyu/Documents/Github/OpenGL/Exercise\ Files/xcode/CMakeFiles/CMakeTmp/Debug -F/Users/yanyu/Documents/Github/OpenGL/Exercise\ Files/xcode/CMakeFiles/CMakeTmp/Debug -filelist /Users/yanyu/Documents/Github/OpenGL/Exercise\ Files/xcode/CMakeFiles/CMakeTmp/CMAKE_TRY_COMPILE.build/Debug/cmTryCompileExec3547999971.build/Objects-normal/x86_64/cmTryCompileExec3547999971.LinkFileList -mmacosx-version-min=10.10 -Wl,-search_paths_first -Wl,-headerpad_max_install_names -Xlinker -dependency_info -Xlinker /Users/yanyu/Documents/Github/OpenGL/Exercise\ Files/xcode/CMakeFiles/CMakeTmp/CMAKE_TRY_COMPILE.build/Debug/cmTryCompileExec3547999971.build/Objects-normal/x86_64/cmTryCompileExec3547999971_dependency_info.dat -o /Users/yanyu/Documents/Github/OpenGL/Exercise\ Files/xcode/CMakeFiles/CMakeTmp/Debug/cmTryCompileExec3547999971

** BUILD SUCCEEDED **



Detecting C compiler ABI info compiled with the following output:
Change Dir: /Users/yanyu/Documents/Github/OpenGL/Exercise Files/xcode/CMakeFiles/CMakeTmp

Run Build Command:"/usr/local/bin/cmakexbuild" "-project" "CMAKE_TRY_COMPILE.xcodeproj" "build" "-target" "cmTryCompileExec569439981" "-configuration" "Debug"
=== BUILD TARGET cmTryCompileExec569439981 OF PROJECT CMAKE_TRY_COMPILE WITH CONFIGURATION Debug ===

Check dependencies

Write auxiliary files
/bin/mkdir -p /Users/yanyu/Documents/Github/OpenGL/Exercise\ Files/xcode/CMakeFiles/CMakeTmp/CMAKE_TRY_COMPILE.build/Debug/cmTryCompileExec569439981.build/Objects-normal/x86_64
write-file /Users/yanyu/Documents/Github/OpenGL/Exercise\ Files/xcode/CMakeFiles/CMakeTmp/CMAKE_TRY_COMPILE.build/Debug/cmTryCompileExec569439981.build/Objects-normal/x86_64/cmTryCompileExec569439981.LinkFileList

CompileC CMAKE_TRY_COMPILE.build/Debug/cmTryCompileExec569439981.build/Objects-normal/x86_64/CMakeCCompilerABI.o /usr/local/share/cmake-3.1/Modules/CMakeCCompilerABI.c normal x86_64 c com.apple.compilers.llvm.clang.1_0.compiler
    cd "/Users/yanyu/Documents/Github/OpenGL/Exercise Files/xcode/CMakeFiles/CMakeTmp"
    export LANG=en_US.US-ASCII
    /Applications/Xcode.app/Contents/Developer/Toolchains/XcodeDefault.xctoolchain/usr/bin/clang -x c -arch x86_64 -fmessage-length=0 -fdiagnostics-show-note-include-stack -fmacro-backtrace-limit=0 -Wno-trigraphs -fpascal-strings -O0 -Wno-missing-field-initializers -Wno-missing-prototypes -Wno-return-type -Wno-missing-braces -Wparentheses -Wswitch -Wno-unused-function -Wno-unused-label -Wno-unused-parameter -Wno-unused-variable -Wunused-value -Wno-empty-body -Wno-uninitialized -Wno-unknown-pragmas -Wno-shadow -Wno-four-char-constants -Wno-conversion -Wno-constant-conversion -Wno-int-conversion -Wno-bool-conversion -Wno-enum-conversion -Wno-shorten-64-to-32 -Wpointer-sign -Wno-newline-eof -DCMAKE_INTDIR=\"Debug\" -isysroot /Applications/Xcode.app/Contents/Developer/Platforms/MacOSX.platform/Developer/SDKs/MacOSX10.10.sdk -fasm-blocks -fstrict-aliasing -Wdeprecated-declarations -mmacosx-version-min=10.10 -g -Wno-sign-conversion -I/Users/yanyu/Documents/Github/OpenGL/Exercise\ Files/xcode/CMakeFiles/CMakeTmp/Debug/include -I/Applications/Xcode.app/Contents/Developer/Toolchains/XcodeDefault.xctoolchain/usr/include -I/Users/yanyu/Documents/Github/OpenGL/Exercise\ Files/xcode/CMakeFiles/CMakeTmp/CMAKE_TRY_COMPILE.build/Debug/cmTryCompileExec569439981.build/DerivedSources/x86_64 -I/Users/yanyu/Documents/Github/OpenGL/Exercise\ Files/xcode/CMakeFiles/CMakeTmp/CMAKE_TRY_COMPILE.build/Debug/cmTryCompileExec569439981.build/DerivedSources -Wmost -Wno-four-char-constants -Wno-unknown-pragmas -F/Users/yanyu/Documents/Github/OpenGL/Exercise\ Files/xcode/CMakeFiles/CMakeTmp/Debug -MMD -MT dependencies -MF /Users/yanyu/Documents/Github/OpenGL/Exercise\ Files/xcode/CMakeFiles/CMakeTmp/CMAKE_TRY_COMPILE.build/Debug/cmTryCompileExec569439981.build/Objects-normal/x86_64/CMakeCCompilerABI.d --serialize-diagnostics /Users/yanyu/Documents/Github/OpenGL/Exercise\ Files/xcode/CMakeFiles/CMakeTmp/CMAKE_TRY_COMPILE.build/Debug/cmTryCompileExec569439981.build/Objects-normal/x86_64/CMakeCCompilerABI.dia -c /usr/local/share/cmake-3.1/Modules/CMakeCCompilerABI.c -o /Users/yanyu/Documents/Github/OpenGL/Exercise\ Files/xcode/CMakeFiles/CMakeTmp/CMAKE_TRY_COMPILE.build/Debug/cmTryCompileExec569439981.build/Objects-normal/x86_64/CMakeCCompilerABI.o

Ld Debug/cmTryCompileExec569439981 normal x86_64
    cd "/Users/yanyu/Documents/Github/OpenGL/Exercise Files/xcode/CMakeFiles/CMakeTmp"
    export MACOSX_DEPLOYMENT_TARGET=10.10
    /Applications/Xcode.app/Contents/Developer/Toolchains/XcodeDefault.xctoolchain/usr/bin/clang -arch x86_64 -isysroot /Applications/Xcode.app/Contents/Developer/Platforms/MacOSX.platform/Developer/SDKs/MacOSX10.10.sdk -L/Users/yanyu/Documents/Github/OpenGL/Exercise\ Files/xcode/CMakeFiles/CMakeTmp/Debug -F/Users/yanyu/Documents/Github/OpenGL/Exercise\ Files/xcode/CMakeFiles/CMakeTmp/Debug -filelist /Users/yanyu/Documents/Github/OpenGL/Exercise\ Files/xcode/CMakeFiles/CMakeTmp/CMAKE_TRY_COMPILE.build/Debug/cmTryCompileExec569439981.build/Objects-normal/x86_64/cmTryCompileExec569439981.LinkFileList -mmacosx-version-min=10.10 -v -Wl,-v -Wl,-search_paths_first -Wl,-headerpad_max_install_names -Xlinker -dependency_info -Xlinker /Users/yanyu/Documents/Github/OpenGL/Exercise\ Files/xcode/CMakeFiles/CMakeTmp/CMAKE_TRY_COMPILE.build/Debug/cmTryCompileExec569439981.build/Objects-normal/x86_64/cmTryCompileExec569439981_dependency_info.dat -o /Users/yanyu/Documents/Github/OpenGL/Exercise\ Files/xcode/CMakeFiles/CMakeTmp/Debug/cmTryCompileExec569439981
Apple LLVM version 6.0 (clang-600.0.56) (based on LLVM 3.5svn)
Target: x86_64-apple-darwin14.0.0
Thread model: posix
 "/Applications/Xcode.app/Contents/Developer/Toolchains/XcodeDefault.xctoolchain/usr/bin/ld" -demangle -dynamic -arch x86_64 -macosx_version_min 10.10.0 -syslibroot /Applications/Xcode.app/Contents/Developer/Platforms/MacOSX.platform/Developer/SDKs/MacOSX10.10.sdk -o /Users/yanyu/Documents/Github/OpenGL/Exercise Files/xcode/CMakeFiles/CMakeTmp/Debug/cmTryCompileExec569439981 -L/Users/yanyu/Documents/Github/OpenGL/Exercise Files/xcode/CMakeFiles/CMakeTmp/Debug -filelist /Users/yanyu/Documents/Github/OpenGL/Exercise Files/xcode/CMakeFiles/CMakeTmp/CMAKE_TRY_COMPILE.build/Debug/cmTryCompileExec569439981.build/Objects-normal/x86_64/cmTryCompileExec569439981.LinkFileList -v -search_paths_first -headerpad_max_install_names -dependency_info /Users/yanyu/Documents/Github/OpenGL/Exercise Files/xcode/CMakeFiles/CMakeTmp/CMAKE_TRY_COMPILE.build/Debug/cmTryCompileExec569439981.build/Objects-normal/x86_64/cmTryCompileExec569439981_dependency_info.dat -lSystem /Applications/Xcode.app/Contents/Developer/Toolchains/XcodeDefault.xctoolchain/usr/bin/../lib/clang/6.0/lib/darwin/libclang_rt.osx.a -F/Users/yanyu/Documents/Github/OpenGL/Exercise Files/xcode/CMakeFiles/CMakeTmp/Debug
@(#)PROGRAM:ld  PROJECT:ld64-241.9
configured to support archs: armv6 armv7 armv7s arm64 i386 x86_64 x86_64h armv6m armv7m armv7em
Library search paths:
	/Users/yanyu/Documents/Github/OpenGL/Exercise Files/xcode/CMakeFiles/CMakeTmp/Debug
	/Applications/Xcode.app/Contents/Developer/Platforms/MacOSX.platform/Developer/SDKs/MacOSX10.10.sdk/usr/lib
Framework search paths:
	/Users/yanyu/Documents/Github/OpenGL/Exercise Files/xcode/CMakeFiles/CMakeTmp/Debug
	/Applications/Xcode.app/Contents/Developer/Platforms/MacOSX.platform/Developer/SDKs/MacOSX10.10.sdk/System/Library/Frameworks/

** BUILD SUCCEEDED **



Parsed C implicit link information from above output:
  link line regex: [^( *|.*[/\])(ld|([^/\]+-)?ld|collect2)[^/\]*( |$)]
  ignore line: [Change Dir: /Users/yanyu/Documents/Github/OpenGL/Exercise Files/xcode/CMakeFiles/CMakeTmp]
  ignore line: []
  ignore line: [Run Build Command:"/usr/local/bin/cmakexbuild" "-project" "CMAKE_TRY_COMPILE.xcodeproj" "build" "-target" "cmTryCompileExec569439981" "-configuration" "Debug"]
  ignore line: [=== BUILD TARGET cmTryCompileExec569439981 OF PROJECT CMAKE_TRY_COMPILE WITH CONFIGURATION Debug ===]
  ignore line: []
  ignore line: [Check dependencies]
  ignore line: []
  ignore line: [Write auxiliary files]
  ignore line: [/bin/mkdir -p /Users/yanyu/Documents/Github/OpenGL/Exercise\ Files/xcode/CMakeFiles/CMakeTmp/CMAKE_TRY_COMPILE.build/Debug/cmTryCompileExec569439981.build/Objects-normal/x86_64]
  ignore line: [write-file /Users/yanyu/Documents/Github/OpenGL/Exercise\ Files/xcode/CMakeFiles/CMakeTmp/CMAKE_TRY_COMPILE.build/Debug/cmTryCompileExec569439981.build/Objects-normal/x86_64/cmTryCompileExec569439981.LinkFileList]
  ignore line: []
  ignore line: [CompileC CMAKE_TRY_COMPILE.build/Debug/cmTryCompileExec569439981.build/Objects-normal/x86_64/CMakeCCompilerABI.o /usr/local/share/cmake-3.1/Modules/CMakeCCompilerABI.c normal x86_64 c com.apple.compilers.llvm.clang.1_0.compiler]
  ignore line: [    cd "/Users/yanyu/Documents/Github/OpenGL/Exercise Files/xcode/CMakeFiles/CMakeTmp"]
  ignore line: [    export LANG=en_US.US-ASCII]
  ignore line: [    /Applications/Xcode.app/Contents/Developer/Toolchains/XcodeDefault.xctoolchain/usr/bin/clang -x c -arch x86_64 -fmessage-length=0 -fdiagnostics-show-note-include-stack -fmacro-backtrace-limit=0 -Wno-trigraphs -fpascal-strings -O0 -Wno-missing-field-initializers -Wno-missing-prototypes -Wno-return-type -Wno-missing-braces -Wparentheses -Wswitch -Wno-unused-function -Wno-unused-label -Wno-unused-parameter -Wno-unused-variable -Wunused-value -Wno-empty-body -Wno-uninitialized -Wno-unknown-pragmas -Wno-shadow -Wno-four-char-constants -Wno-conversion -Wno-constant-conversion -Wno-int-conversion -Wno-bool-conversion -Wno-enum-conversion -Wno-shorten-64-to-32 -Wpointer-sign -Wno-newline-eof -DCMAKE_INTDIR=\"Debug\" -isysroot /Applications/Xcode.app/Contents/Developer/Platforms/MacOSX.platform/Developer/SDKs/MacOSX10.10.sdk -fasm-blocks -fstrict-aliasing -Wdeprecated-declarations -mmacosx-version-min=10.10 -g -Wno-sign-conversion -I/Users/yanyu/Documents/Github/OpenGL/Exercise\ Files/xcode/CMakeFiles/CMakeTmp/Debug/include -I/Applications/Xcode.app/Contents/Developer/Toolchains/XcodeDefault.xctoolchain/usr/include -I/Users/yanyu/Documents/Github/OpenGL/Exercise\ Files/xcode/CMakeFiles/CMakeTmp/CMAKE_TRY_COMPILE.build/Debug/cmTryCompileExec569439981.build/DerivedSources/x86_64 -I/Users/yanyu/Documents/Github/OpenGL/Exercise\ Files/xcode/CMakeFiles/CMakeTmp/CMAKE_TRY_COMPILE.build/Debug/cmTryCompileExec569439981.build/DerivedSources -Wmost -Wno-four-char-constants -Wno-unknown-pragmas -F/Users/yanyu/Documents/Github/OpenGL/Exercise\ Files/xcode/CMakeFiles/CMakeTmp/Debug -MMD -MT dependencies -MF /Users/yanyu/Documents/Github/OpenGL/Exercise\ Files/xcode/CMakeFiles/CMakeTmp/CMAKE_TRY_COMPILE.build/Debug/cmTryCompileExec569439981.build/Objects-normal/x86_64/CMakeCCompilerABI.d --serialize-diagnostics /Users/yanyu/Documents/Github/OpenGL/Exercise\ Files/xcode/CMakeFiles/CMakeTmp/CMAKE_TRY_COMPILE.build/Debug/cmTryCompileExec569439981.build/Objects-normal/x86_64/CMakeCCompilerABI.dia -c /usr/local/share/cmake-3.1/Modules/CMakeCCompilerABI.c -o /Users/yanyu/Documents/Github/OpenGL/Exercise\ Files/xcode/CMakeFiles/CMakeTmp/CMAKE_TRY_COMPILE.build/Debug/cmTryCompileExec569439981.build/Objects-normal/x86_64/CMakeCCompilerABI.o]
  ignore line: []
  ignore line: [Ld Debug/cmTryCompileExec569439981 normal x86_64]
  ignore line: [    cd "/Users/yanyu/Documents/Github/OpenGL/Exercise Files/xcode/CMakeFiles/CMakeTmp"]
  ignore line: [    export MACOSX_DEPLOYMENT_TARGET=10.10]
  ignore line: [    /Applications/Xcode.app/Contents/Developer/Toolchains/XcodeDefault.xctoolchain/usr/bin/clang -arch x86_64 -isysroot /Applications/Xcode.app/Contents/Developer/Platforms/MacOSX.platform/Developer/SDKs/MacOSX10.10.sdk -L/Users/yanyu/Documents/Github/OpenGL/Exercise\ Files/xcode/CMakeFiles/CMakeTmp/Debug -F/Users/yanyu/Documents/Github/OpenGL/Exercise\ Files/xcode/CMakeFiles/CMakeTmp/Debug -filelist /Users/yanyu/Documents/Github/OpenGL/Exercise\ Files/xcode/CMakeFiles/CMakeTmp/CMAKE_TRY_COMPILE.build/Debug/cmTryCompileExec569439981.build/Objects-normal/x86_64/cmTryCompileExec569439981.LinkFileList -mmacosx-version-min=10.10 -v -Wl,-v -Wl,-search_paths_first -Wl,-headerpad_max_install_names -Xlinker -dependency_info -Xlinker /Users/yanyu/Documents/Github/OpenGL/Exercise\ Files/xcode/CMakeFiles/CMakeTmp/CMAKE_TRY_COMPILE.build/Debug/cmTryCompileExec569439981.build/Objects-normal/x86_64/cmTryCompileExec569439981_dependency_info.dat -o /Users/yanyu/Documents/Github/OpenGL/Exercise\ Files/xcode/CMakeFiles/CMakeTmp/Debug/cmTryCompileExec569439981]
  ignore line: [Apple LLVM version 6.0 (clang-600.0.56) (based on LLVM 3.5svn)]
  ignore line: [Target: x86_64-apple-darwin14.0.0]
  ignore line: [Thread model: posix]
  reduced line: [ "/Applications/Xcode.app/Contents/Developer/Toolchains/XcodeDefault.xctoolchain/usr/bin/ld" -demangle -dynamic -arch x86_64 -macosx_version_min 10.10.0 -syslibroot /Applications/Xcode.app/Contents/Developer/Platforms/MacOSX.platform/Developer/SDKs/MacOSX10.10.sdk -o /Users/yanyu/Documents/Github/OpenGL/Exercise Files/xcode/CMakeFiles/CMakeTmp/Debug/cmTryCompileExec569439981 -L/Users/yanyu/Documents/Github/OpenGL/Exercise Files/xcode/CMakeFiles/CMakeTmp/Debug -filelist /Users/yanyu/Documents/Github/OpenGL/Exercise Files/xcode/CMakeFiles/CMakeTmp/CMAKE_TRY_COMPILE.build/Debug/cmTryCompileExec569439981.build/Objects-normal/x86_64/cmTryCompileExec569439981.LinkFileList -v -search_paths_first -headerpad_max_install_names -dependency_info /Users/yanyu/Documents/Github/OpenGL/Exercise Files/xcode/CMakeFiles/CMakeTmp/CMAKE_TRY_COMPILE.build/Debug/cmTryCompileExec569439981.build/Objects-normal/x86_64/cmTryCompileExec569439981_dependency_info.dat -lSystem /Applications/Xcode.app/Contents/Developer/Toolchains/XcodeDefault.xctoolchain/usr/bin/../lib/clang/6.0/lib/darwin/libclang_rt.osx.a -F/Users/yanyu/Documents/Github/OpenGL/Exercise Files/xcode/CMakeFiles/CMakeTmp/Debug]
            to: [ "/Applications/Xcode.app/Contents/Developer/Toolchains/XcodeDefault.xctoolchain/usr/bin/ld" -demangle -dynamic -arch x86_64 -macosx_version_min 10.10.0 -syslibroot /Applications/Xcode.app/Contents/Developer/Platforms/MacOSX.platform/Developer/SDKs/MacOSX10.10.sdk -o /Users/yanyu/Documents/Github/OpenGL/Exercise Files/xcode/CMakeFiles/CMakeTmp/Debug/cmTryCompileExec569439981 -filelist /Users/yanyu/Documents/Github/OpenGL/Exercise Files/xcode/CMakeFiles/CMakeTmp/CMAKE_TRY_COMPILE.build/Debug/cmTryCompileExec569439981.build/Objects-normal/x86_64/cmTryCompileExec569439981.LinkFileList -v -search_paths_first -headerpad_max_install_names -dependency_info /Users/yanyu/Documents/Github/OpenGL/Exercise Files/xcode/CMakeFiles/CMakeTmp/CMAKE_TRY_COMPILE.build/Debug/cmTryCompileExec569439981.build/Objects-normal/x86_64/cmTryCompileExec569439981_dependency_info.dat -lSystem /Applications/Xcode.app/Contents/Developer/Toolchains/XcodeDefault.xctoolchain/usr/bin/../lib/clang/6.0/lib/darwin/libclang_rt.osx.a ]
  link line: [ "/Applications/Xcode.app/Contents/Developer/Toolchains/XcodeDefault.xctoolchain/usr/bin/ld" -demangle -dynamic -arch x86_64 -macosx_version_min 10.10.0 -syslibroot /Applications/Xcode.app/Contents/Developer/Platforms/MacOSX.platform/Developer/SDKs/MacOSX10.10.sdk -o /Users/yanyu/Documents/Github/OpenGL/Exercise Files/xcode/CMakeFiles/CMakeTmp/Debug/cmTryCompileExec569439981 -filelist /Users/yanyu/Documents/Github/OpenGL/Exercise Files/xcode/CMakeFiles/CMakeTmp/CMAKE_TRY_COMPILE.build/Debug/cmTryCompileExec569439981.build/Objects-normal/x86_64/cmTryCompileExec569439981.LinkFileList -v -search_paths_first -headerpad_max_install_names -dependency_info /Users/yanyu/Documents/Github/OpenGL/Exercise Files/xcode/CMakeFiles/CMakeTmp/CMAKE_TRY_COMPILE.build/Debug/cmTryCompileExec569439981.build/Objects-normal/x86_64/cmTryCompileExec569439981_dependency_info.dat -lSystem /Applications/Xcode.app/Contents/Developer/Toolchains/XcodeDefault.xctoolchain/usr/bin/../lib/clang/6.0/lib/darwin/libclang_rt.osx.a ]
    arg [/Applications/Xcode.app/Contents/Developer/Toolchains/XcodeDefault.xctoolchain/usr/bin/ld] ==> ignore
    arg [-demangle] ==> ignore
    arg [-dynamic] ==> ignore
    arg [-arch] ==> ignore
    arg [x86_64] ==> ignore
    arg [-macosx_version_min] ==> ignore
    arg [10.10.0] ==> ignore
    arg [-syslibroot] ==> ignore
    arg [/Applications/Xcode.app/Contents/Developer/Platforms/MacOSX.platform/Developer/SDKs/MacOSX10.10.sdk] ==> ignore
    arg [-o] ==> ignore
    arg [/Users/yanyu/Documents/Github/OpenGL/Exercise] ==> ignore
    arg [Files/xcode/CMakeFiles/CMakeTmp/Debug/cmTryCompileExec569439981] ==> ignore
    arg [-filelist] ==> ignore
    arg [/Users/yanyu/Documents/Github/OpenGL/Exercise] ==> ignore
    arg [Files/xcode/CMakeFiles/CMakeTmp/CMAKE_TRY_COMPILE.build/Debug/cmTryCompileExec569439981.build/Objects-normal/x86_64/cmTryCompileExec569439981.LinkFileList] ==> ignore
    arg [-v] ==> ignore
    arg [-search_paths_first] ==> ignore
    arg [-headerpad_max_install_names] ==> ignore
    arg [-dependency_info] ==> ignore
    arg [/Users/yanyu/Documents/Github/OpenGL/Exercise] ==> ignore
    arg [Files/xcode/CMakeFiles/CMakeTmp/CMAKE_TRY_COMPILE.build/Debug/cmTryCompileExec569439981.build/Objects-normal/x86_64/cmTryCompileExec569439981_dependency_info.dat] ==> ignore
    arg [-lSystem] ==> lib [System]
    arg [/Applications/Xcode.app/Contents/Developer/Toolchains/XcodeDefault.xctoolchain/usr/bin/../lib/clang/6.0/lib/darwin/libclang_rt.osx.a] ==> lib [/Applications/Xcode.app/Contents/Developer/Toolchains/XcodeDefault.xctoolchain/usr/bin/../lib/clang/6.0/lib/darwin/libclang_rt.osx.a]
  Library search paths: [;/Users/yanyu/Documents/Github/OpenGL/Exercise Files/xcode/CMakeFiles/CMakeTmp/Debug;/Applications/Xcode.app/Contents/Developer/Platforms/MacOSX.platform/Developer/SDKs/MacOSX10.10.sdk/usr/lib]
  Framework search paths: [;/Users/yanyu/Documents/Github/OpenGL/Exercise Files/xcode/CMakeFiles/CMakeTmp/Debug;/Applications/Xcode.app/Contents/Developer/Platforms/MacOSX.platform/Developer/SDKs/MacOSX10.10.sdk/System/Library/Frameworks/]
  remove lib [System]
  collapse lib [/Applications/Xcode.app/Contents/Developer/Toolchains/XcodeDefault.xctoolchain/usr/bin/../lib/clang/6.0/lib/darwin/libclang_rt.osx.a] ==> [/Applications/Xcode.app/Contents/Developer/Toolchains/XcodeDefault.xctoolchain/usr/lib/clang/6.0/lib/darwin/libclang_rt.osx.a]
  collapse library dir [/Users/yanyu/Documents/Github/OpenGL/Exercise Files/xcode/CMakeFiles/CMakeTmp/Debug] ==> [/Users/yanyu/Documents/Github/OpenGL/Exercise Files/xcode/CMakeFiles/CMakeTmp/Debug], skipping non-system directory
  collapse library dir [/Applications/Xcode.app/Contents/Developer/Platforms/MacOSX.platform/Developer/SDKs/MacOSX10.10.sdk/usr/lib] ==> [/Applications/Xcode.app/Contents/Developer/Platforms/MacOSX.platform/Developer/SDKs/MacOSX10.10.sdk/usr/lib]
  collapse framework dir [/Users/yanyu/Documents/Github/OpenGL/Exercise Files/xcode/CMakeFiles/CMakeTmp/Debug] ==> [/Users/yanyu/Documents/Github/OpenGL/Exercise Files/xcode/CMakeFiles/CMakeTmp/Debug], skipping non-system directory
  collapse framework dir [/Applications/Xcode.app/Contents/Developer/Platforms/MacOSX.platform/Developer/SDKs/MacOSX10.10.sdk/System/Library/Frameworks/] ==> [/Applications/Xcode.app/Contents/Developer/Platforms/MacOSX.platform/Developer/SDKs/MacOSX10.10.sdk/System/Library/Frameworks]
  implicit libs: [/Applications/Xcode.app/Contents/Developer/Toolchains/XcodeDefault.xctoolchain/usr/lib/clang/6.0/lib/darwin/libclang_rt.osx.a]
  implicit dirs: [/Applications/Xcode.app/Contents/Developer/Platforms/MacOSX.platform/Developer/SDKs/MacOSX10.10.sdk/usr/lib]
  implicit fwks: [/Applications/Xcode.app/Contents/Developer/Platforms/MacOSX.platform/Developer/SDKs/MacOSX10.10.sdk/System/Library/Frameworks]


Determining if the CXX compiler works passed with the following output:
Change Dir: /Users/yanyu/Documents/Github/OpenGL/Exercise Files/xcode/CMakeFiles/CMakeTmp

Run Build Command:"/usr/local/bin/cmakexbuild" "-project" "CMAKE_TRY_COMPILE.xcodeproj" "build" "-target" "cmTryCompileExec3202330199" "-configuration" "Debug"
=== BUILD TARGET cmTryCompileExec3202330199 OF PROJECT CMAKE_TRY_COMPILE WITH CONFIGURATION Debug ===

Check dependencies

Write auxiliary files
/bin/mkdir -p /Users/yanyu/Documents/Github/OpenGL/Exercise\ Files/xcode/CMakeFiles/CMakeTmp/CMAKE_TRY_COMPILE.build/Debug/cmTryCompileExec3202330199.build/Objects-normal/x86_64
write-file /Users/yanyu/Documents/Github/OpenGL/Exercise\ Files/xcode/CMakeFiles/CMakeTmp/CMAKE_TRY_COMPILE.build/Debug/cmTryCompileExec3202330199.build/Objects-normal/x86_64/cmTryCompileExec3202330199.LinkFileList

CompileC CMAKE_TRY_COMPILE.build/Debug/cmTryCompileExec3202330199.build/Objects-normal/x86_64/testCXXCompiler.o testCXXCompiler.cxx normal x86_64 c++ com.apple.compilers.llvm.clang.1_0.compiler
    cd "/Users/yanyu/Documents/Github/OpenGL/Exercise Files/xcode/CMakeFiles/CMakeTmp"
    export LANG=en_US.US-ASCII
    /Applications/Xcode.app/Contents/Developer/Toolchains/XcodeDefault.xctoolchain/usr/bin/clang -x c++ -arch x86_64 -fmessage-length=0 -fdiagnostics-show-note-include-stack -fmacro-backtrace-limit=0 -Wno-trigraphs -fpascal-strings -O0 -Wno-missing-field-initializers -Wno-missing-prototypes -Wno-return-type -Wno-non-virtual-dtor -Wno-overloaded-virtual -Wno-exit-time-destructors -Wno-missing-braces -Wparentheses -Wswitch -Wno-unused-function -Wno-unused-label -Wno-unused-parameter -Wno-unused-variable -Wunused-value -Wno-empty-body -Wno-uninitialized -Wno-unknown-pragmas -Wno-shadow -Wno-four-char-constants -Wno-conversion -Wno-constant-conversion -Wno-int-conversion -Wno-bool-conversion -Wno-enum-conversion -Wno-shorten-64-to-32 -Wno-newline-eof -Wno-c++11-extensions -DCMAKE_INTDIR=\"Debug\" -isysroot /Applications/Xcode.app/Contents/Developer/Platforms/MacOSX.platform/Developer/SDKs/MacOSX10.10.sdk -fasm-blocks -fstrict-aliasing -Wdeprecated-declarations -Winvalid-offsetof -mmacosx-version-min=10.10 -Wno-sign-conversion -I/Users/yanyu/Documents/Github/OpenGL/Exercise\ Files/xcode/CMakeFiles/CMakeTmp/Debug/include -I/Applications/Xcode.app/Contents/Developer/Toolchains/XcodeDefault.xctoolchain/usr/include -I/Users/yanyu/Documents/Github/OpenGL/Exercise\ Files/xcode/CMakeFiles/CMakeTmp/CMAKE_TRY_COMPILE.build/Debug/cmTryCompileExec3202330199.build/DerivedSources/x86_64 -I/Users/yanyu/Documents/Github/OpenGL/Exercise\ Files/xcode/CMakeFiles/CMakeTmp/CMAKE_TRY_COMPILE.build/Debug/cmTryCompileExec3202330199.build/DerivedSources -Wmost -Wno-four-char-constants -Wno-unknown-pragmas -F/Users/yanyu/Documents/Github/OpenGL/Exercise\ Files/xcode/CMakeFiles/CMakeTmp/Debug -g -MMD -MT dependencies -MF /Users/yanyu/Documents/Github/OpenGL/Exercise\ Files/xcode/CMakeFiles/CMakeTmp/CMAKE_TRY_COMPILE.build/Debug/cmTryCompileExec3202330199.build/Objects-normal/x86_64/testCXXCompiler.d --serialize-diagnostics /Users/yanyu/Documents/Github/OpenGL/Exercise\ Files/xcode/CMakeFiles/CMakeTmp/CMAKE_TRY_COMPILE.build/Debug/cmTryCompileExec3202330199.build/Objects-normal/x86_64/testCXXCompiler.dia -c /Users/yanyu/Documents/Github/OpenGL/Exercise\ Files/xcode/CMakeFiles/CMakeTmp/testCXXCompiler.cxx -o /Users/yanyu/Documents/Github/OpenGL/Exercise\ Files/xcode/CMakeFiles/CMakeTmp/CMAKE_TRY_COMPILE.build/Debug/cmTryCompileExec3202330199.build/Objects-normal/x86_64/testCXXCompiler.o

Ld Debug/cmTryCompileExec3202330199 normal x86_64
    cd "/Users/yanyu/Documents/Github/OpenGL/Exercise Files/xcode/CMakeFiles/CMakeTmp"
    export MACOSX_DEPLOYMENT_TARGET=10.10
    /Applications/Xcode.app/Contents/Developer/Toolchains/XcodeDefault.xctoolchain/usr/bin/clang++ -arch x86_64 -isysroot /Applications/Xcode.app/Contents/Developer/Platforms/MacOSX.platform/Developer/SDKs/MacOSX10.10.sdk -L/Users/yanyu/Documents/Github/OpenGL/Exercise\ Files/xcode/CMakeFiles/CMakeTmp/Debug -F/Users/yanyu/Documents/Github/OpenGL/Exercise\ Files/xcode/CMakeFiles/CMakeTmp/Debug -filelist /Users/yanyu/Documents/Github/OpenGL/Exercise\ Files/xcode/CMakeFiles/CMakeTmp/CMAKE_TRY_COMPILE.build/Debug/cmTryCompileExec3202330199.build/Objects-normal/x86_64/cmTryCompileExec3202330199.LinkFileList -mmacosx-version-min=10.10 -Wl,-search_paths_first -Wl,-headerpad_max_install_names -Xlinker -dependency_info -Xlinker /Users/yanyu/Documents/Github/OpenGL/Exercise\ Files/xcode/CMakeFiles/CMakeTmp/CMAKE_TRY_COMPILE.build/Debug/cmTryCompileExec3202330199.build/Objects-normal/x86_64/cmTryCompileExec3202330199_dependency_info.dat -o /Users/yanyu/Documents/Github/OpenGL/Exercise\ Files/xcode/CMakeFiles/CMakeTmp/Debug/cmTryCompileExec3202330199

** BUILD SUCCEEDED **



Detecting CXX compiler ABI info compiled with the following output:
Change Dir: /Users/yanyu/Documents/Github/OpenGL/Exercise Files/xcode/CMakeFiles/CMakeTmp

Run Build Command:"/usr/local/bin/cmakexbuild" "-project" "CMAKE_TRY_COMPILE.xcodeproj" "build" "-target" "cmTryCompileExec2463302956" "-configuration" "Debug"
=== BUILD TARGET cmTryCompileExec2463302956 OF PROJECT CMAKE_TRY_COMPILE WITH CONFIGURATION Debug ===

Check dependencies

Write auxiliary files
/bin/mkdir -p /Users/yanyu/Documents/Github/OpenGL/Exercise\ Files/xcode/CMakeFiles/CMakeTmp/CMAKE_TRY_COMPILE.build/Debug/cmTryCompileExec2463302956.build/Objects-normal/x86_64
write-file /Users/yanyu/Documents/Github/OpenGL/Exercise\ Files/xcode/CMakeFiles/CMakeTmp/CMAKE_TRY_COMPILE.build/Debug/cmTryCompileExec2463302956.build/Objects-normal/x86_64/cmTryCompileExec2463302956.LinkFileList

CompileC CMAKE_TRY_COMPILE.build/Debug/cmTryCompileExec2463302956.build/Objects-normal/x86_64/CMakeCXXCompilerABI.o /usr/local/share/cmake-3.1/Modules/CMakeCXXCompilerABI.cpp normal x86_64 c++ com.apple.compilers.llvm.clang.1_0.compiler
    cd "/Users/yanyu/Documents/Github/OpenGL/Exercise Files/xcode/CMakeFiles/CMakeTmp"
    export LANG=en_US.US-ASCII
    /Applications/Xcode.app/Contents/Developer/Toolchains/XcodeDefault.xctoolchain/usr/bin/clang -x c++ -arch x86_64 -fmessage-length=0 -fdiagnostics-show-note-include-stack -fmacro-backtrace-limit=0 -Wno-trigraphs -fpascal-strings -O0 -Wno-missing-field-initializers -Wno-missing-prototypes -Wno-return-type -Wno-non-virtual-dtor -Wno-overloaded-virtual -Wno-exit-time-destructors -Wno-missing-braces -Wparentheses -Wswitch -Wno-unused-function -Wno-unused-label -Wno-unused-parameter -Wno-unused-variable -Wunused-value -Wno-empty-body -Wno-uninitialized -Wno-unknown-pragmas -Wno-shadow -Wno-four-char-constants -Wno-conversion -Wno-constant-conversion -Wno-int-conversion -Wno-bool-conversion -Wno-enum-conversion -Wno-shorten-64-to-32 -Wno-newline-eof -Wno-c++11-extensions -DCMAKE_INTDIR=\"Debug\" -isysroot /Applications/Xcode.app/Contents/Developer/Platforms/MacOSX.platform/Developer/SDKs/MacOSX10.10.sdk -fasm-blocks -fstrict-aliasing -Wdeprecated-declarations -Winvalid-offsetof -mmacosx-version-min=10.10 -Wno-sign-conversion -I/Users/yanyu/Documents/Github/OpenGL/Exercise\ Files/xcode/CMakeFiles/CMakeTmp/Debug/include -I/Applications/Xcode.app/Contents/Developer/Toolchains/XcodeDefault.xctoolchain/usr/include -I/Users/yanyu/Documents/Github/OpenGL/Exercise\ Files/xcode/CMakeFiles/CMakeTmp/CMAKE_TRY_COMPILE.build/Debug/cmTryCompileExec2463302956.build/DerivedSources/x86_64 -I/Users/yanyu/Documents/Github/OpenGL/Exercise\ Files/xcode/CMakeFiles/CMakeTmp/CMAKE_TRY_COMPILE.build/Debug/cmTryCompileExec2463302956.build/DerivedSources -Wmost -Wno-four-char-constants -Wno-unknown-pragmas -F/Users/yanyu/Documents/Github/OpenGL/Exercise\ Files/xcode/CMakeFiles/CMakeTmp/Debug -g -MMD -MT dependencies -MF /Users/yanyu/Documents/Github/OpenGL/Exercise\ Files/xcode/CMakeFiles/CMakeTmp/CMAKE_TRY_COMPILE.build/Debug/cmTryCompileExec2463302956.build/Objects-normal/x86_64/CMakeCXXCompilerABI.d --serialize-diagnostics /Users/yanyu/Documents/Github/OpenGL/Exercise\ Files/xcode/CMakeFiles/CMakeTmp/CMAKE_TRY_COMPILE.build/Debug/cmTryCompileExec2463302956.build/Objects-normal/x86_64/CMakeCXXCompilerABI.dia -c /usr/local/share/cmake-3.1/Modules/CMakeCXXCompilerABI.cpp -o /Users/yanyu/Documents/Github/OpenGL/Exercise\ Files/xcode/CMakeFiles/CMakeTmp/CMAKE_TRY_COMPILE.build/Debug/cmTryCompileExec2463302956.build/Objects-normal/x86_64/CMakeCXXCompilerABI.o

Ld Debug/cmTryCompileExec2463302956 normal x86_64
    cd "/Users/yanyu/Documents/Github/OpenGL/Exercise Files/xcode/CMakeFiles/CMakeTmp"
    export MACOSX_DEPLOYMENT_TARGET=10.10
    /Applications/Xcode.app/Contents/Developer/Toolchains/XcodeDefault.xctoolchain/usr/bin/clang++ -arch x86_64 -isysroot /Applications/Xcode.app/Contents/Developer/Platforms/MacOSX.platform/Developer/SDKs/MacOSX10.10.sdk -L/Users/yanyu/Documents/Github/OpenGL/Exercise\ Files/xcode/CMakeFiles/CMakeTmp/Debug -F/Users/yanyu/Documents/Github/OpenGL/Exercise\ Files/xcode/CMakeFiles/CMakeTmp/Debug -filelist /Users/yanyu/Documents/Github/OpenGL/Exercise\ Files/xcode/CMakeFiles/CMakeTmp/CMAKE_TRY_COMPILE.build/Debug/cmTryCompileExec2463302956.build/Objects-normal/x86_64/cmTryCompileExec2463302956.LinkFileList -mmacosx-version-min=10.10 -v -Wl,-v -Wl,-search_paths_first -Wl,-headerpad_max_install_names -Xlinker -dependency_info -Xlinker /Users/yanyu/Documents/Github/OpenGL/Exercise\ Files/xcode/CMakeFiles/CMakeTmp/CMAKE_TRY_COMPILE.build/Debug/cmTryCompileExec2463302956.build/Objects-normal/x86_64/cmTryCompileExec2463302956_dependency_info.dat -o /Users/yanyu/Documents/Github/OpenGL/Exercise\ Files/xcode/CMakeFiles/CMakeTmp/Debug/cmTryCompileExec2463302956
Apple LLVM version 6.0 (clang-600.0.56) (based on LLVM 3.5svn)
Target: x86_64-apple-darwin14.0.0
Thread model: posix
 "/Applications/Xcode.app/Contents/Developer/Toolchains/XcodeDefault.xctoolchain/usr/bin/ld" -demangle -dynamic -arch x86_64 -macosx_version_min 10.10.0 -syslibroot /Applications/Xcode.app/Contents/Developer/Platforms/MacOSX.platform/Developer/SDKs/MacOSX10.10.sdk -o /Users/yanyu/Documents/Github/OpenGL/Exercise Files/xcode/CMakeFiles/CMakeTmp/Debug/cmTryCompileExec2463302956 -L/Users/yanyu/Documents/Github/OpenGL/Exercise Files/xcode/CMakeFiles/CMakeTmp/Debug -filelist /Users/yanyu/Documents/Github/OpenGL/Exercise Files/xcode/CMakeFiles/CMakeTmp/CMAKE_TRY_COMPILE.build/Debug/cmTryCompileExec2463302956.build/Objects-normal/x86_64/cmTryCompileExec2463302956.LinkFileList -v -search_paths_first -headerpad_max_install_names -dependency_info /Users/yanyu/Documents/Github/OpenGL/Exercise Files/xcode/CMakeFiles/CMakeTmp/CMAKE_TRY_COMPILE.build/Debug/cmTryCompileExec2463302956.build/Objects-normal/x86_64/cmTryCompileExec2463302956_dependency_info.dat -lc++ -lSystem /Applications/Xcode.app/Contents/Developer/Toolchains/XcodeDefault.xctoolchain/usr/bin/../lib/clang/6.0/lib/darwin/libclang_rt.osx.a -F/Users/yanyu/Documents/Github/OpenGL/Exercise Files/xcode/CMakeFiles/CMakeTmp/Debug
@(#)PROGRAM:ld  PROJECT:ld64-241.9
configured to support archs: armv6 armv7 armv7s arm64 i386 x86_64 x86_64h armv6m armv7m armv7em
Library search paths:
	/Users/yanyu/Documents/Github/OpenGL/Exercise Files/xcode/CMakeFiles/CMakeTmp/Debug
	/Applications/Xcode.app/Contents/Developer/Platforms/MacOSX.platform/Developer/SDKs/MacOSX10.10.sdk/usr/lib
Framework search paths:
	/Users/yanyu/Documents/Github/OpenGL/Exercise Files/xcode/CMakeFiles/CMakeTmp/Debug
	/Applications/Xcode.app/Contents/Developer/Platforms/MacOSX.platform/Developer/SDKs/MacOSX10.10.sdk/System/Library/Frameworks/

** BUILD SUCCEEDED **



Parsed CXX implicit link information from above output:
  link line regex: [^( *|.*[/\])(ld|([^/\]+-)?ld|collect2)[^/\]*( |$)]
  ignore line: [Change Dir: /Users/yanyu/Documents/Github/OpenGL/Exercise Files/xcode/CMakeFiles/CMakeTmp]
  ignore line: []
  ignore line: [Run Build Command:"/usr/local/bin/cmakexbuild" "-project" "CMAKE_TRY_COMPILE.xcodeproj" "build" "-target" "cmTryCompileExec2463302956" "-configuration" "Debug"]
  ignore line: [=== BUILD TARGET cmTryCompileExec2463302956 OF PROJECT CMAKE_TRY_COMPILE WITH CONFIGURATION Debug ===]
  ignore line: []
  ignore line: [Check dependencies]
  ignore line: []
  ignore line: [Write auxiliary files]
  ignore line: [/bin/mkdir -p /Users/yanyu/Documents/Github/OpenGL/Exercise\ Files/xcode/CMakeFiles/CMakeTmp/CMAKE_TRY_COMPILE.build/Debug/cmTryCompileExec2463302956.build/Objects-normal/x86_64]
  ignore line: [write-file /Users/yanyu/Documents/Github/OpenGL/Exercise\ Files/xcode/CMakeFiles/CMakeTmp/CMAKE_TRY_COMPILE.build/Debug/cmTryCompileExec2463302956.build/Objects-normal/x86_64/cmTryCompileExec2463302956.LinkFileList]
  ignore line: []
  ignore line: [CompileC CMAKE_TRY_COMPILE.build/Debug/cmTryCompileExec2463302956.build/Objects-normal/x86_64/CMakeCXXCompilerABI.o /usr/local/share/cmake-3.1/Modules/CMakeCXXCompilerABI.cpp normal x86_64 c++ com.apple.compilers.llvm.clang.1_0.compiler]
  ignore line: [    cd "/Users/yanyu/Documents/Github/OpenGL/Exercise Files/xcode/CMakeFiles/CMakeTmp"]
  ignore line: [    export LANG=en_US.US-ASCII]
  ignore line: [    /Applications/Xcode.app/Contents/Developer/Toolchains/XcodeDefault.xctoolchain/usr/bin/clang -x c++ -arch x86_64 -fmessage-length=0 -fdiagnostics-show-note-include-stack -fmacro-backtrace-limit=0 -Wno-trigraphs -fpascal-strings -O0 -Wno-missing-field-initializers -Wno-missing-prototypes -Wno-return-type -Wno-non-virtual-dtor -Wno-overloaded-virtual -Wno-exit-time-destructors -Wno-missing-braces -Wparentheses -Wswitch -Wno-unused-function -Wno-unused-label -Wno-unused-parameter -Wno-unused-variable -Wunused-value -Wno-empty-body -Wno-uninitialized -Wno-unknown-pragmas -Wno-shadow -Wno-four-char-constants -Wno-conversion -Wno-constant-conversion -Wno-int-conversion -Wno-bool-conversion -Wno-enum-conversion -Wno-shorten-64-to-32 -Wno-newline-eof -Wno-c++11-extensions -DCMAKE_INTDIR=\"Debug\" -isysroot /Applications/Xcode.app/Contents/Developer/Platforms/MacOSX.platform/Developer/SDKs/MacOSX10.10.sdk -fasm-blocks -fstrict-aliasing -Wdeprecated-declarations -Winvalid-offsetof -mmacosx-version-min=10.10 -Wno-sign-conversion -I/Users/yanyu/Documents/Github/OpenGL/Exercise\ Files/xcode/CMakeFiles/CMakeTmp/Debug/include -I/Applications/Xcode.app/Contents/Developer/Toolchains/XcodeDefault.xctoolchain/usr/include -I/Users/yanyu/Documents/Github/OpenGL/Exercise\ Files/xcode/CMakeFiles/CMakeTmp/CMAKE_TRY_COMPILE.build/Debug/cmTryCompileExec2463302956.build/DerivedSources/x86_64 -I/Users/yanyu/Documents/Github/OpenGL/Exercise\ Files/xcode/CMakeFiles/CMakeTmp/CMAKE_TRY_COMPILE.build/Debug/cmTryCompileExec2463302956.build/DerivedSources -Wmost -Wno-four-char-constants -Wno-unknown-pragmas -F/Users/yanyu/Documents/Github/OpenGL/Exercise\ Files/xcode/CMakeFiles/CMakeTmp/Debug -g -MMD -MT dependencies -MF /Users/yanyu/Documents/Github/OpenGL/Exercise\ Files/xcode/CMakeFiles/CMakeTmp/CMAKE_TRY_COMPILE.build/Debug/cmTryCompileExec2463302956.build/Objects-normal/x86_64/CMakeCXXCompilerABI.d --serialize-diagnostics /Users/yanyu/Documents/Github/OpenGL/Exercise\ Files/xcode/CMakeFiles/CMakeTmp/CMAKE_TRY_COMPILE.build/Debug/cmTryCompileExec2463302956.build/Objects-normal/x86_64/CMakeCXXCompilerABI.dia -c /usr/local/share/cmake-3.1/Modules/CMakeCXXCompilerABI.cpp -o /Users/yanyu/Documents/Github/OpenGL/Exercise\ Files/xcode/CMakeFiles/CMakeTmp/CMAKE_TRY_COMPILE.build/Debug/cmTryCompileExec2463302956.build/Objects-normal/x86_64/CMakeCXXCompilerABI.o]
  ignore line: []
  ignore line: [Ld Debug/cmTryCompileExec2463302956 normal x86_64]
  ignore line: [    cd "/Users/yanyu/Documents/Github/OpenGL/Exercise Files/xcode/CMakeFiles/CMakeTmp"]
  ignore line: [    export MACOSX_DEPLOYMENT_TARGET=10.10]
  ignore line: [    /Applications/Xcode.app/Contents/Developer/Toolchains/XcodeDefault.xctoolchain/usr/bin/clang++ -arch x86_64 -isysroot /Applications/Xcode.app/Contents/Developer/Platforms/MacOSX.platform/Developer/SDKs/MacOSX10.10.sdk -L/Users/yanyu/Documents/Github/OpenGL/Exercise\ Files/xcode/CMakeFiles/CMakeTmp/Debug -F/Users/yanyu/Documents/Github/OpenGL/Exercise\ Files/xcode/CMakeFiles/CMakeTmp/Debug -filelist /Users/yanyu/Documents/Github/OpenGL/Exercise\ Files/xcode/CMakeFiles/CMakeTmp/CMAKE_TRY_COMPILE.build/Debug/cmTryCompileExec2463302956.build/Objects-normal/x86_64/cmTryCompileExec2463302956.LinkFileList -mmacosx-version-min=10.10 -v -Wl,-v -Wl,-search_paths_first -Wl,-headerpad_max_install_names -Xlinker -dependency_info -Xlinker /Users/yanyu/Documents/Github/OpenGL/Exercise\ Files/xcode/CMakeFiles/CMakeTmp/CMAKE_TRY_COMPILE.build/Debug/cmTryCompileExec2463302956.build/Objects-normal/x86_64/cmTryCompileExec2463302956_dependency_info.dat -o /Users/yanyu/Documents/Github/OpenGL/Exercise\ Files/xcode/CMakeFiles/CMakeTmp/Debug/cmTryCompileExec2463302956]
  ignore line: [Apple LLVM version 6.0 (clang-600.0.56) (based on LLVM 3.5svn)]
  ignore line: [Target: x86_64-apple-darwin14.0.0]
  ignore line: [Thread model: posix]
  reduced line: [ "/Applications/Xcode.app/Contents/Developer/Toolchains/XcodeDefault.xctoolchain/usr/bin/ld" -demangle -dynamic -arch x86_64 -macosx_version_min 10.10.0 -syslibroot /Applications/Xcode.app/Contents/Developer/Platforms/MacOSX.platform/Developer/SDKs/MacOSX10.10.sdk -o /Users/yanyu/Documents/Github/OpenGL/Exercise Files/xcode/CMakeFiles/CMakeTmp/Debug/cmTryCompileExec2463302956 -L/Users/yanyu/Documents/Github/OpenGL/Exercise Files/xcode/CMakeFiles/CMakeTmp/Debug -filelist /Users/yanyu/Documents/Github/OpenGL/Exercise Files/xcode/CMakeFiles/CMakeTmp/CMAKE_TRY_COMPILE.build/Debug/cmTryCompileExec2463302956.build/Objects-normal/x86_64/cmTryCompileExec2463302956.LinkFileList -v -search_paths_first -headerpad_max_install_names -dependency_info /Users/yanyu/Documents/Github/OpenGL/Exercise Files/xcode/CMakeFiles/CMakeTmp/CMAKE_TRY_COMPILE.build/Debug/cmTryCompileExec2463302956.build/Objects-normal/x86_64/cmTryCompileExec2463302956_dependency_info.dat -lc++ -lSystem /Applications/Xcode.app/Contents/Developer/Toolchains/XcodeDefault.xctoolchain/usr/bin/../lib/clang/6.0/lib/darwin/libclang_rt.osx.a -F/Users/yanyu/Documents/Github/OpenGL/Exercise Files/xcode/CMakeFiles/CMakeTmp/Debug]
            to: [ "/Applications/Xcode.app/Contents/Developer/Toolchains/XcodeDefault.xctoolchain/usr/bin/ld" -demangle -dynamic -arch x86_64 -macosx_version_min 10.10.0 -syslibroot /Applications/Xcode.app/Contents/Developer/Platforms/MacOSX.platform/Developer/SDKs/MacOSX10.10.sdk -o /Users/yanyu/Documents/Github/OpenGL/Exercise Files/xcode/CMakeFiles/CMakeTmp/Debug/cmTryCompileExec2463302956 -filelist /Users/yanyu/Documents/Github/OpenGL/Exercise Files/xcode/CMakeFiles/CMakeTmp/CMAKE_TRY_COMPILE.build/Debug/cmTryCompileExec2463302956.build/Objects-normal/x86_64/cmTryCompileExec2463302956.LinkFileList -v -search_paths_first -headerpad_max_install_names -dependency_info /Users/yanyu/Documents/Github/OpenGL/Exercise Files/xcode/CMakeFiles/CMakeTmp/CMAKE_TRY_COMPILE.build/Debug/cmTryCompileExec2463302956.build/Objects-normal/x86_64/cmTryCompileExec2463302956_dependency_info.dat -lc++ -lSystem /Applications/Xcode.app/Contents/Developer/Toolchains/XcodeDefault.xctoolchain/usr/bin/../lib/clang/6.0/lib/darwin/libclang_rt.osx.a ]
  link line: [ "/Applications/Xcode.app/Contents/Developer/Toolchains/XcodeDefault.xctoolchain/usr/bin/ld" -demangle -dynamic -arch x86_64 -macosx_version_min 10.10.0 -syslibroot /Applications/Xcode.app/Contents/Developer/Platforms/MacOSX.platform/Developer/SDKs/MacOSX10.10.sdk -o /Users/yanyu/Documents/Github/OpenGL/Exercise Files/xcode/CMakeFiles/CMakeTmp/Debug/cmTryCompileExec2463302956 -filelist /Users/yanyu/Documents/Github/OpenGL/Exercise Files/xcode/CMakeFiles/CMakeTmp/CMAKE_TRY_COMPILE.build/Debug/cmTryCompileExec2463302956.build/Objects-normal/x86_64/cmTryCompileExec2463302956.LinkFileList -v -search_paths_first -headerpad_max_install_names -dependency_info /Users/yanyu/Documents/Github/OpenGL/Exercise Files/xcode/CMakeFiles/CMakeTmp/CMAKE_TRY_COMPILE.build/Debug/cmTryCompileExec2463302956.build/Objects-normal/x86_64/cmTryCompileExec2463302956_dependency_info.dat -lc++ -lSystem /Applications/Xcode.app/Contents/Developer/Toolchains/XcodeDefault.xctoolchain/usr/bin/../lib/clang/6.0/lib/darwin/libclang_rt.osx.a ]
    arg [/Applications/Xcode.app/Contents/Developer/Toolchains/XcodeDefault.xctoolchain/usr/bin/ld] ==> ignore
    arg [-demangle] ==> ignore
    arg [-dynamic] ==> ignore
    arg [-arch] ==> ignore
    arg [x86_64] ==> ignore
    arg [-macosx_version_min] ==> ignore
    arg [10.10.0] ==> ignore
    arg [-syslibroot] ==> ignore
    arg [/Applications/Xcode.app/Contents/Developer/Platforms/MacOSX.platform/Developer/SDKs/MacOSX10.10.sdk] ==> ignore
    arg [-o] ==> ignore
    arg [/Users/yanyu/Documents/Github/OpenGL/Exercise] ==> ignore
    arg [Files/xcode/CMakeFiles/CMakeTmp/Debug/cmTryCompileExec2463302956] ==> ignore
    arg [-filelist] ==> ignore
    arg [/Users/yanyu/Documents/Github/OpenGL/Exercise] ==> ignore
    arg [Files/xcode/CMakeFiles/CMakeTmp/CMAKE_TRY_COMPILE.build/Debug/cmTryCompileExec2463302956.build/Objects-normal/x86_64/cmTryCompileExec2463302956.LinkFileList] ==> ignore
    arg [-v] ==> ignore
    arg [-search_paths_first] ==> ignore
    arg [-headerpad_max_install_names] ==> ignore
    arg [-dependency_info] ==> ignore
    arg [/Users/yanyu/Documents/Github/OpenGL/Exercise] ==> ignore
    arg [Files/xcode/CMakeFiles/CMakeTmp/CMAKE_TRY_COMPILE.build/Debug/cmTryCompileExec2463302956.build/Objects-normal/x86_64/cmTryCompileExec2463302956_dependency_info.dat] ==> ignore
    arg [-lc++] ==> lib [c++]
    arg [-lSystem] ==> lib [System]
    arg [/Applications/Xcode.app/Contents/Developer/Toolchains/XcodeDefault.xctoolchain/usr/bin/../lib/clang/6.0/lib/darwin/libclang_rt.osx.a] ==> lib [/Applications/Xcode.app/Contents/Developer/Toolchains/XcodeDefault.xctoolchain/usr/bin/../lib/clang/6.0/lib/darwin/libclang_rt.osx.a]
  Library search paths: [;/Users/yanyu/Documents/Github/OpenGL/Exercise Files/xcode/CMakeFiles/CMakeTmp/Debug;/Applications/Xcode.app/Contents/Developer/Platforms/MacOSX.platform/Developer/SDKs/MacOSX10.10.sdk/usr/lib]
  Framework search paths: [;/Users/yanyu/Documents/Github/OpenGL/Exercise Files/xcode/CMakeFiles/CMakeTmp/Debug;/Applications/Xcode.app/Contents/Developer/Platforms/MacOSX.platform/Developer/SDKs/MacOSX10.10.sdk/System/Library/Frameworks/]
  remove lib [System]
  collapse lib [/Applications/Xcode.app/Contents/Developer/Toolchains/XcodeDefault.xctoolchain/usr/bin/../lib/clang/6.0/lib/darwin/libclang_rt.osx.a] ==> [/Applications/Xcode.app/Contents/Developer/Toolchains/XcodeDefault.xctoolchain/usr/lib/clang/6.0/lib/darwin/libclang_rt.osx.a]
  collapse library dir [/Users/yanyu/Documents/Github/OpenGL/Exercise Files/xcode/CMakeFiles/CMakeTmp/Debug] ==> [/Users/yanyu/Documents/Github/OpenGL/Exercise Files/xcode/CMakeFiles/CMakeTmp/Debug], skipping non-system directory
  collapse library dir [/Applications/Xcode.app/Contents/Developer/Platforms/MacOSX.platform/Developer/SDKs/MacOSX10.10.sdk/usr/lib] ==> [/Applications/Xcode.app/Contents/Developer/Platforms/MacOSX.platform/Developer/SDKs/MacOSX10.10.sdk/usr/lib]
  collapse framework dir [/Users/yanyu/Documents/Github/OpenGL/Exercise Files/xcode/CMakeFiles/CMakeTmp/Debug] ==> [/Users/yanyu/Documents/Github/OpenGL/Exercise Files/xcode/CMakeFiles/CMakeTmp/Debug], skipping non-system directory
  collapse framework dir [/Applications/Xcode.app/Contents/Developer/Platforms/MacOSX.platform/Developer/SDKs/MacOSX10.10.sdk/System/Library/Frameworks/] ==> [/Applications/Xcode.app/Contents/Developer/Platforms/MacOSX.platform/Developer/SDKs/MacOSX10.10.sdk/System/Library/Frameworks]
  implicit libs: [c++;/Applications/Xcode.app/Contents/Developer/Toolchains/XcodeDefault.xctoolchain/usr/lib/clang/6.0/lib/darwin/libclang_rt.osx.a]
  implicit dirs: [/Applications/Xcode.app/Contents/Developer/Platforms/MacOSX.platform/Developer/SDKs/MacOSX10.10.sdk/usr/lib]
  implicit fwks: [/Applications/Xcode.app/Contents/Developer/Platforms/MacOSX.platform/Developer/SDKs/MacOSX10.10.sdk/System/Library/Frameworks]


Determining if files pthread.h exist passed with the following output:
Change Dir: /Users/yanyu/Documents/Github/OpenGL/Exercise Files/xcode/CMakeFiles/CMakeTmp

Run Build Command:"/usr/local/bin/cmakexbuild" "-project" "CMAKE_TRY_COMPILE.xcodeproj" "build" "-target" "cmTryCompileExec2162739230" "-configuration" "Debug"
=== BUILD TARGET cmTryCompileExec2162739230 OF PROJECT CMAKE_TRY_COMPILE WITH CONFIGURATION Debug ===

Check dependencies

Write auxiliary files
/bin/mkdir -p /Users/yanyu/Documents/Github/OpenGL/Exercise\ Files/xcode/CMakeFiles/CMakeTmp/CMAKE_TRY_COMPILE.build/Debug/cmTryCompileExec2162739230.build/Objects-normal/x86_64
write-file /Users/yanyu/Documents/Github/OpenGL/Exercise\ Files/xcode/CMakeFiles/CMakeTmp/CMAKE_TRY_COMPILE.build/Debug/cmTryCompileExec2162739230.build/Objects-normal/x86_64/cmTryCompileExec2162739230.LinkFileList

CompileC CMAKE_TRY_COMPILE.build/Debug/cmTryCompileExec2162739230.build/Objects-normal/x86_64/CheckIncludeFiles.o CheckIncludeFiles.c normal x86_64 c com.apple.compilers.llvm.clang.1_0.compiler
    cd "/Users/yanyu/Documents/Github/OpenGL/Exercise Files/xcode/CMakeFiles/CMakeTmp"
    export LANG=en_US.US-ASCII
    /Applications/Xcode.app/Contents/Developer/Toolchains/XcodeDefault.xctoolchain/usr/bin/clang -x c -arch x86_64 -fmessage-length=0 -fdiagnostics-show-note-include-stack -fmacro-backtrace-limit=0 -Wno-trigraphs -fpascal-strings -O0 -Wno-missing-field-initializers -Wno-missing-prototypes -Wno-return-type -Wno-missing-braces -Wparentheses -Wswitch -Wno-unused-function -Wno-unused-label -Wno-unused-parameter -Wno-unused-variable -Wunused-value -Wno-empty-body -Wno-uninitialized -Wno-unknown-pragmas -Wno-shadow -Wno-four-char-constants -Wno-conversion -Wno-constant-conversion -Wno-int-conversion -Wno-bool-conversion -Wno-enum-conversion -Wno-shorten-64-to-32 -Wpointer-sign -Wno-newline-eof -DCMAKE_INTDIR=\"Debug\" -isysroot /Applications/Xcode.app/Contents/Developer/Platforms/MacOSX.platform/Developer/SDKs/MacOSX10.10.sdk -fasm-blocks -fstrict-aliasing -Wdeprecated-declarations -mmacosx-version-min=10.10 -g -Wno-sign-conversion -I/Users/yanyu/Documents/Github/OpenGL/Exercise\ Files/xcode/CMakeFiles/CMakeTmp/Debug/include -I/Applications/Xcode.app/Contents/Developer/Toolchains/XcodeDefault.xctoolchain/usr/include -I/Users/yanyu/Documents/Github/OpenGL/Exercise\ Files/xcode/CMakeFiles/CMakeTmp/CMAKE_TRY_COMPILE.build/Debug/cmTryCompileExec2162739230.build/DerivedSources/x86_64 -I/Users/yanyu/Documents/Github/OpenGL/Exercise\ Files/xcode/CMakeFiles/CMakeTmp/CMAKE_TRY_COMPILE.build/Debug/cmTryCompileExec2162739230.build/DerivedSources -Wmost -Wno-four-char-constants -Wno-unknown-pragmas -F/Users/yanyu/Documents/Github/OpenGL/Exercise\ Files/xcode/CMakeFiles/CMakeTmp/Debug -MMD -MT dependencies -MF /Users/yanyu/Documents/Github/OpenGL/Exercise\ Files/xcode/CMakeFiles/CMakeTmp/CMAKE_TRY_COMPILE.build/Debug/cmTryCompileExec2162739230.build/Objects-normal/x86_64/CheckIncludeFiles.d --serialize-diagnostics /Users/yanyu/Documents/Github/OpenGL/Exercise\ Files/xcode/CMakeFiles/CMakeTmp/CMAKE_TRY_COMPILE.build/Debug/cmTryCompileExec2162739230.build/Objects-normal/x86_64/CheckIncludeFiles.dia -c /Users/yanyu/Documents/Github/OpenGL/Exercise\ Files/xcode/CMakeFiles/CMakeTmp/CheckIncludeFiles.c -o /Users/yanyu/Documents/Github/OpenGL/Exercise\ Files/xcode/CMakeFiles/CMakeTmp/CMAKE_TRY_COMPILE.build/Debug/cmTryCompileExec2162739230.build/Objects-normal/x86_64/CheckIncludeFiles.o

Ld Debug/cmTryCompileExec2162739230 normal x86_64
    cd "/Users/yanyu/Documents/Github/OpenGL/Exercise Files/xcode/CMakeFiles/CMakeTmp"
    export MACOSX_DEPLOYMENT_TARGET=10.10
    /Applications/Xcode.app/Contents/Developer/Toolchains/XcodeDefault.xctoolchain/usr/bin/clang -arch x86_64 -isysroot /Applications/Xcode.app/Contents/Developer/Platforms/MacOSX.platform/Developer/SDKs/MacOSX10.10.sdk -L/Users/yanyu/Documents/Github/OpenGL/Exercise\ Files/xcode/CMakeFiles/CMakeTmp/Debug -F/Users/yanyu/Documents/Github/OpenGL/Exercise\ Files/xcode/CMakeFiles/CMakeTmp/Debug -filelist /Users/yanyu/Documents/Github/OpenGL/Exercise\ Files/xcode/CMakeFiles/CMakeTmp/CMAKE_TRY_COMPILE.build/Debug/cmTryCompileExec2162739230.build/Objects-normal/x86_64/cmTryCompileExec2162739230.LinkFileList -mmacosx-version-min=10.10 -Wl,-search_paths_first -Wl,-headerpad_max_install_names -Xlinker -dependency_info -Xlinker /Users/yanyu/Documents/Github/OpenGL/Exercise\ Files/xcode/CMakeFiles/CMakeTmp/CMAKE_TRY_COMPILE.build/Debug/cmTryCompileExec2162739230.build/Objects-normal/x86_64/cmTryCompileExec2162739230_dependency_info.dat -o /Users/yanyu/Documents/Github/OpenGL/Exercise\ Files/xcode/CMakeFiles/CMakeTmp/Debug/cmTryCompileExec2162739230

** BUILD SUCCEEDED **



Determining if the pthread_create exist passed with the following output:
Change Dir: /Users/yanyu/Documents/Github/OpenGL/Exercise Files/xcode/CMakeFiles/CMakeTmp

Run Build Command:"/usr/local/bin/cmakexbuild" "-project" "CMAKE_TRY_COMPILE.xcodeproj" "build" "-target" "cmTryCompileExec1828317513" "-configuration" "Debug"
=== BUILD TARGET cmTryCompileExec1828317513 OF PROJECT CMAKE_TRY_COMPILE WITH CONFIGURATION Debug ===

Check dependencies

Write auxiliary files
/bin/mkdir -p /Users/yanyu/Documents/Github/OpenGL/Exercise\ Files/xcode/CMakeFiles/CMakeTmp/CMAKE_TRY_COMPILE.build/Debug/cmTryCompileExec1828317513.build/Objects-normal/x86_64
write-file /Users/yanyu/Documents/Github/OpenGL/Exercise\ Files/xcode/CMakeFiles/CMakeTmp/CMAKE_TRY_COMPILE.build/Debug/cmTryCompileExec1828317513.build/Objects-normal/x86_64/cmTryCompileExec1828317513.LinkFileList

CompileC CMAKE_TRY_COMPILE.build/Debug/cmTryCompileExec1828317513.build/Objects-normal/x86_64/CheckSymbolExists.o CheckSymbolExists.c normal x86_64 c com.apple.compilers.llvm.clang.1_0.compiler
    cd "/Users/yanyu/Documents/Github/OpenGL/Exercise Files/xcode/CMakeFiles/CMakeTmp"
    export LANG=en_US.US-ASCII
    /Applications/Xcode.app/Contents/Developer/Toolchains/XcodeDefault.xctoolchain/usr/bin/clang -x c -arch x86_64 -fmessage-length=0 -fdiagnostics-show-note-include-stack -fmacro-backtrace-limit=0 -Wno-trigraphs -fpascal-strings -O0 -Wno-missing-field-initializers -Wno-missing-prototypes -Wno-return-type -Wno-missing-braces -Wparentheses -Wswitch -Wno-unused-function -Wno-unused-label -Wno-unused-parameter -Wno-unused-variable -Wunused-value -Wno-empty-body -Wno-uninitialized -Wno-unknown-pragmas -Wno-shadow -Wno-four-char-constants -Wno-conversion -Wno-constant-conversion -Wno-int-conversion -Wno-bool-conversion -Wno-enum-conversion -Wno-shorten-64-to-32 -Wpointer-sign -Wno-newline-eof -DCMAKE_INTDIR=\"Debug\" -isysroot /Applications/Xcode.app/Contents/Developer/Platforms/MacOSX.platform/Developer/SDKs/MacOSX10.10.sdk -fasm-blocks -fstrict-aliasing -Wdeprecated-declarations -mmacosx-version-min=10.10 -g -Wno-sign-conversion -I/Users/yanyu/Documents/Github/OpenGL/Exercise\ Files/xcode/CMakeFiles/CMakeTmp/Debug/include -I/Applications/Xcode.app/Contents/Developer/Toolchains/XcodeDefault.xctoolchain/usr/include -I/Users/yanyu/Documents/Github/OpenGL/Exercise\ Files/xcode/CMakeFiles/CMakeTmp/CMAKE_TRY_COMPILE.build/Debug/cmTryCompileExec1828317513.build/DerivedSources/x86_64 -I/Users/yanyu/Documents/Github/OpenGL/Exercise\ Files/xcode/CMakeFiles/CMakeTmp/CMAKE_TRY_COMPILE.build/Debug/cmTryCompileExec1828317513.build/DerivedSources -Wmost -Wno-four-char-constants -Wno-unknown-pragmas -F/Users/yanyu/Documents/Github/OpenGL/Exercise\ Files/xcode/CMakeFiles/CMakeTmp/Debug -MMD -MT dependencies -MF /Users/yanyu/Documents/Github/OpenGL/Exercise\ Files/xcode/CMakeFiles/CMakeTmp/CMAKE_TRY_COMPILE.build/Debug/cmTryCompileExec1828317513.build/Objects-normal/x86_64/CheckSymbolExists.d --serialize-diagnostics /Users/yanyu/Documents/Github/OpenGL/Exercise\ Files/xcode/CMakeFiles/CMakeTmp/CMAKE_TRY_COMPILE.build/Debug/cmTryCompileExec1828317513.build/Objects-normal/x86_64/CheckSymbolExists.dia -c /Users/yanyu/Documents/Github/OpenGL/Exercise\ Files/xcode/CMakeFiles/CMakeTmp/CheckSymbolExists.c -o /Users/yanyu/Documents/Github/OpenGL/Exercise\ Files/xcode/CMakeFiles/CMakeTmp/CMAKE_TRY_COMPILE.build/Debug/cmTryCompileExec1828317513.build/Objects-normal/x86_64/CheckSymbolExists.o

Ld Debug/cmTryCompileExec1828317513 normal x86_64
    cd "/Users/yanyu/Documents/Github/OpenGL/Exercise Files/xcode/CMakeFiles/CMakeTmp"
    export MACOSX_DEPLOYMENT_TARGET=10.10
    /Applications/Xcode.app/Contents/Developer/Toolchains/XcodeDefault.xctoolchain/usr/bin/clang -arch x86_64 -isysroot /Applications/Xcode.app/Contents/Developer/Platforms/MacOSX.platform/Developer/SDKs/MacOSX10.10.sdk -L/Users/yanyu/Documents/Github/OpenGL/Exercise\ Files/xcode/CMakeFiles/CMakeTmp/Debug -F/Users/yanyu/Documents/Github/OpenGL/Exercise\ Files/xcode/CMakeFiles/CMakeTmp/Debug -filelist /Users/yanyu/Documents/Github/OpenGL/Exercise\ Files/xcode/CMakeFiles/CMakeTmp/CMAKE_TRY_COMPILE.build/Debug/cmTryCompileExec1828317513.build/Objects-normal/x86_64/cmTryCompileExec1828317513.LinkFileList -mmacosx-version-min=10.10 -Wl,-search_paths_first -Wl,-headerpad_max_install_names -Xlinker -dependency_info -Xlinker /Users/yanyu/Documents/Github/OpenGL/Exercise\ Files/xcode/CMakeFiles/CMakeTmp/CMAKE_TRY_COMPILE.build/Debug/cmTryCompileExec1828317513.build/Objects-normal/x86_64/cmTryCompileExec1828317513_dependency_info.dat -o /Users/yanyu/Documents/Github/OpenGL/Exercise\ Files/xcode/CMakeFiles/CMakeTmp/Debug/cmTryCompileExec1828317513

** BUILD SUCCEEDED **


File /Users/yanyu/Documents/Github/OpenGL/Exercise Files/xcode/CMakeFiles/CMakeTmp/CheckSymbolExists.c:
/* */
#include <pthread.h>

int main(int argc, char** argv)
{
  (void)argv;
#ifndef pthread_create
  return ((int*)(&pthread_create))[argc];
#else
  (void)argc;
  return 0;
#endif
}

